[debug] [2021-10-18T09:15:14.525Z] ----------------------------------------------------------------------
[debug] [2021-10-18T09:15:14.528Z] Command:       C:\Program Files\nodejs\node.exe C:\Users\siddh\AppData\Roaming\npm\node_modules\firebase-tools\lib\bin\firebase.js emulators:start
[debug] [2021-10-18T09:15:14.528Z] CLI Version:   9.20.0
[debug] [2021-10-18T09:15:14.528Z] Platform:      win32
[debug] [2021-10-18T09:15:14.528Z] Node Version:  v14.18.0
[debug] [2021-10-18T09:15:14.530Z] Time:          Mon Oct 18 2021 14:45:14 GMT+0530 (India Standard Time)
[debug] [2021-10-18T09:15:14.530Z] ----------------------------------------------------------------------
[debug] 
[debug] [2021-10-18T09:15:14.720Z] > command requires scopes: ["email","openid","https://www.googleapis.com/auth/cloudplatformprojects.readonly","https://www.googleapis.com/auth/firebase","https://www.googleapis.com/auth/cloud-platform"]
[debug] [2021-10-18T09:15:14.721Z] > authorizing via signed-in user (siddhant.jk@gmail.com)
[info] i  emulators: Starting emulators: functions, hosting {"metadata":{"emulator":{"name":"hub"},"message":"Starting emulators: functions, hosting"}}
[debug] [2021-10-18T09:15:14.799Z] [hub] writing locator at C:\Users\siddh\AppData\Local\Temp\hub-clone-1a104.json
[warn] !  functions: The following emulators are not running, calls to these services from the Functions emulator will affect production: auth, firestore, database, pubsub, storage {"metadata":{"emulator":{"name":"functions"},"message":"The following emulators are not running, calls to these services from the Functions emulator will affect production: \u001b[1mauth, firestore, database, pubsub, storage\u001b[22m"}}
[info] +  functions: Using node@14 from host. {"metadata":{"emulator":{"name":"functions"},"message":"Using node@14 from host."}}
[debug] [2021-10-18T09:15:14.868Z] defaultcredentials: writing to file C:\Users\siddh\AppData\Roaming\firebase\siddhant_jk_gmail.com_application_default_credentials.json
[debug] [2021-10-18T09:15:14.873Z] Setting GAC to C:\Users\siddh\AppData\Roaming\firebase\siddhant_jk_gmail.com_application_default_credentials.json {"metadata":{"emulator":{"name":"functions"},"message":"Setting GAC to C:\\Users\\siddh\\AppData\\Roaming\\firebase\\siddhant_jk_gmail.com_application_default_credentials.json"}}
[debug] [2021-10-18T09:15:14.875Z] > refreshing access token with scopes: []
[debug] [2021-10-18T09:15:14.877Z] >>> HTTP REQUEST POST https://www.googleapis.com/oauth2/v3/token  
 <request body omitted>
[debug] [2021-10-18T09:15:15.144Z] <<< HTTP RESPONSE 200 {"expires":"Mon, 01 Jan 1990 00:00:00 GMT","date":"Mon, 18 Oct 2021 09:15:16 GMT","pragma":"no-cache","cache-control":"no-cache, no-store, max-age=0, must-revalidate","content-type":"application/json; charset=utf-8","vary":"X-Origin, Referer, Origin,Accept-Encoding","server":"scaffolding on HTTPServer2","x-xss-protection":"0","x-frame-options":"SAMEORIGIN","x-content-type-options":"nosniff","alt-svc":"h3=\":443\"; ma=2592000,h3-29=\":443\"; ma=2592000,h3-T051=\":443\"; ma=2592000,h3-Q050=\":443\"; ma=2592000,h3-Q046=\":443\"; ma=2592000,h3-Q043=\":443\"; ma=2592000,quic=\":443\"; ma=2592000; v=\"46,43\"","accept-ranges":"none","transfer-encoding":"chunked"}
[debug] [2021-10-18T09:15:15.303Z] >>> [apiv2][query] GET https://firebase.googleapis.com/v1beta1/projects/clone-1a104/adminSdkConfig [none]
[debug] [2021-10-18T09:15:15.969Z] <<< [apiv2][status] GET https://firebase.googleapis.com/v1beta1/projects/clone-1a104/adminSdkConfig 200
[debug] [2021-10-18T09:15:15.969Z] <<< [apiv2][body] GET https://firebase.googleapis.com/v1beta1/projects/clone-1a104/adminSdkConfig {"projectId":"clone-1a104","storageBucket":"clone-1a104.appspot.com","locationId":"us-central"}
[debug] [2021-10-18T09:15:16.429Z] >>> [apiv2][query] GET https://firebasehosting.googleapis.com/v1beta1/projects/clone-1a104/sites 
[debug] [2021-10-18T09:15:18.387Z] <<< [apiv2][status] GET https://firebasehosting.googleapis.com/v1beta1/projects/clone-1a104/sites 200
[debug] [2021-10-18T09:15:18.387Z] <<< [apiv2][body] GET https://firebasehosting.googleapis.com/v1beta1/projects/clone-1a104/sites {"sites":[{"name":"projects/230941578010/sites/clone-1a104","defaultUrl":"https://clone-1a104.web.app","appId":"1:230941578010:web:bb778255f3c00347d792a3","type":"DEFAULT_SITE"}]}
[debug] [2021-10-18T09:15:18.388Z] >>> [apiv2][query] GET https://firebase.googleapis.com/v1beta1/projects/clone-1a104/webApps/1:230941578010:web:bb778255f3c00347d792a3/config [none]
[debug] [2021-10-18T09:15:19.749Z] <<< [apiv2][status] GET https://firebase.googleapis.com/v1beta1/projects/clone-1a104/webApps/1:230941578010:web:bb778255f3c00347d792a3/config 200
[debug] [2021-10-18T09:15:19.749Z] <<< [apiv2][body] GET https://firebase.googleapis.com/v1beta1/projects/clone-1a104/webApps/1:230941578010:web:bb778255f3c00347d792a3/config {"projectId":"clone-1a104","appId":"1:230941578010:web:bb778255f3c00347d792a3","storageBucket":"clone-1a104.appspot.com","locationId":"us-central","apiKey":"AIzaSyA9GhajuVbmlDAz8J3BbV78BvT5g5guD7Y","authDomain":"clone-1a104.firebaseapp.com","messagingSenderId":"230941578010","measurementId":"G-HE59DK0RFZ"}
[info] i  hosting: Serving hosting files from: build {"metadata":{"emulator":{"name":"hosting"},"message":"Serving hosting files from: \u001b[1mbuild\u001b[22m"}}
[info] +  hosting: Local server: http://localhost:5000 {"metadata":{"emulator":{"name":"hosting"},"message":"Local server: \u001b[4m\u001b[1mhttp://localhost:5000\u001b[22m\u001b[24m"}}
[debug] [2021-10-18T09:15:20.563Z] Ignoring unsupported arg: auto_download {"metadata":{"emulator":{"name":"ui"},"message":"Ignoring unsupported arg: auto_download"}}
[debug] [2021-10-18T09:15:20.564Z] Ignoring unsupported arg: port {"metadata":{"emulator":{"name":"ui"},"message":"Ignoring unsupported arg: port"}}
[debug] [2021-10-18T09:15:20.564Z] Starting Emulator UI with command {"binary":"node","args":["C:\\Users\\siddh\\.cache\\firebase\\emulators\\ui-v1.6.3\\server.bundle.js"],"optionalArgs":[],"joinArgs":false} {"metadata":{"emulator":{"name":"ui"},"message":"Starting Emulator UI with command {\"binary\":\"node\",\"args\":[\"C:\\\\Users\\\\siddh\\\\.cache\\\\firebase\\\\emulators\\\\ui-v1.6.3\\\\server.bundle.js\"],\"optionalArgs\":[],\"joinArgs\":false}"}}
[info] i  ui: Emulator UI logging to ui-debug.log {"metadata":{"emulator":{"name":"ui"},"message":"Emulator UI logging to \u001b[1mui-debug.log\u001b[22m"}}
[debug] [2021-10-18T09:15:21.006Z] Web / API server started at localhost:4000
 {"metadata":{"emulator":{"name":"ui"},"message":"Web / API server started at localhost:4000\n"}}
[info] i  functions: Watching "C:\Users\siddh\OneDrive\Desktop\sports-world\Sports_World_mpr\functions" for Cloud Functions... {"metadata":{"emulator":{"name":"functions"},"message":"Watching \"C:\\Users\\siddh\\OneDrive\\Desktop\\sports-world\\Sports_World_mpr\\functions\" for Cloud Functions..."}}
[debug] [2021-10-18T09:15:21.268Z] [worker-pool] addWorker(~diagnostic~) {"metadata":{"emulator":{"name":"functions"},"message":"[worker-pool] addWorker(~diagnostic~)"}}
[debug] [2021-10-18T09:15:21.268Z] [worker-pool] Adding worker with key ~diagnostic~, total=1 {"metadata":{"emulator":{"name":"functions"},"message":"[worker-pool] Adding worker with key ~diagnostic~, total=1"}}
[debug] [2021-10-18T09:15:21.269Z] [worker-pool] submitWork(triggerId=) {"metadata":{"emulator":{"name":"functions"},"message":"[worker-pool] submitWork(triggerId=)"}}
[debug] [2021-10-18T09:15:21.269Z] [worker-~diagnostic~-6fa5d1ca-428f-4902-9741-e7bc2f709c58]: Assigning socketPath: \\?\pipe\C:\Users\siddh\OneDrive\Desktop\sports-world\Sports_World_mpr\functions\13088 {"metadata":{"emulator":{"name":"functions"},"message":"[worker-~diagnostic~-6fa5d1ca-428f-4902-9741-e7bc2f709c58]: Assigning socketPath: \\\\?\\pipe\\C:\\Users\\siddh\\OneDrive\\Desktop\\sports-world\\Sports_World_mpr\\functions\\13088"}}
[debug] [2021-10-18T09:15:21.270Z] [worker-~diagnostic~-6fa5d1ca-428f-4902-9741-e7bc2f709c58]: BUSY {"metadata":{"emulator":{"name":"functions"},"message":"[worker-~diagnostic~-6fa5d1ca-428f-4902-9741-e7bc2f709c58]: BUSY"}}
[debug] [2021-10-18T09:15:21.510Z] [runtime-status] [13088] Functions runtime initialized. {"cwd":"C:\\Users\\siddh\\OneDrive\\Desktop\\sports-world\\Sports_World_mpr\\functions","node_version":"14.18.0"} {"metadata":{"emulator":{"name":"functions"},"message":"[runtime-status] [13088] Functions runtime initialized. {\"cwd\":\"C:\\\\Users\\\\siddh\\\\OneDrive\\\\Desktop\\\\sports-world\\\\Sports_World_mpr\\\\functions\",\"node_version\":\"14.18.0\"}"}}
[debug] [2021-10-18T09:15:21.512Z] [runtime-status] [13088] Disabled runtime features: undefined {"metadata":{"emulator":{"name":"functions"},"message":"[runtime-status] [13088] Disabled runtime features: undefined"}}
[debug] [2021-10-18T09:15:21.519Z] [runtime-status] [13088] Resolved module firebase-admin {"declared":true,"installed":true,"version":"9.12.0","resolution":"C:\\Users\\siddh\\OneDrive\\Desktop\\sports-world\\Sports_World_mpr\\functions\\node_modules\\firebase-admin\\lib\\index.js"} {"metadata":{"emulator":{"name":"functions"},"message":"[runtime-status] [13088] Resolved module firebase-admin {\"declared\":true,\"installed\":true,\"version\":\"9.12.0\",\"resolution\":\"C:\\\\Users\\\\siddh\\\\OneDrive\\\\Desktop\\\\sports-world\\\\Sports_World_mpr\\\\functions\\\\node_modules\\\\firebase-admin\\\\lib\\\\index.js\"}"}}
[debug] [2021-10-18T09:15:21.524Z] [runtime-status] [13088] Resolved module firebase-functions {"declared":true,"installed":true,"version":"3.15.4","resolution":"C:\\Users\\siddh\\OneDrive\\Desktop\\sports-world\\Sports_World_mpr\\functions\\node_modules\\firebase-functions\\lib\\index.js"} {"metadata":{"emulator":{"name":"functions"},"message":"[runtime-status] [13088] Resolved module firebase-functions {\"declared\":true,\"installed\":true,\"version\":\"3.15.4\",\"resolution\":\"C:\\\\Users\\\\siddh\\\\OneDrive\\\\Desktop\\\\sports-world\\\\Sports_World_mpr\\\\functions\\\\node_modules\\\\firebase-functions\\\\lib\\\\index.js\"}"}}
[debug] [2021-10-18T09:15:21.526Z] [runtime-status] [13088] Outgoing network have been stubbed. [{"name":"http","status":"mocked"},{"name":"http","status":"mocked"},{"name":"https","status":"mocked"},{"name":"https","status":"mocked"},{"name":"net","status":"mocked"}] {"metadata":{"emulator":{"name":"functions"},"message":"[runtime-status] [13088] Outgoing network have been stubbed. [{\"name\":\"http\",\"status\":\"mocked\"},{\"name\":\"http\",\"status\":\"mocked\"},{\"name\":\"https\",\"status\":\"mocked\"},{\"name\":\"https\",\"status\":\"mocked\"},{\"name\":\"net\",\"status\":\"mocked\"}]"}}
[debug] [2021-10-18T09:15:21.527Z] [runtime-status] [13088] Resolved module firebase-functions {"declared":true,"installed":true,"version":"3.15.4","resolution":"C:\\Users\\siddh\\OneDrive\\Desktop\\sports-world\\Sports_World_mpr\\functions\\node_modules\\firebase-functions\\lib\\index.js"} {"metadata":{"emulator":{"name":"functions"},"message":"[runtime-status] [13088] Resolved module firebase-functions {\"declared\":true,\"installed\":true,\"version\":\"3.15.4\",\"resolution\":\"C:\\\\Users\\\\siddh\\\\OneDrive\\\\Desktop\\\\sports-world\\\\Sports_World_mpr\\\\functions\\\\node_modules\\\\firebase-functions\\\\lib\\\\index.js\"}"}}
[debug] [2021-10-18T09:15:21.626Z] [runtime-status] [13088] Checked functions.config() {"config":{}} {"metadata":{"emulator":{"name":"functions"},"message":"[runtime-status] [13088] Checked functions.config() {\"config\":{}}"}}
[debug] [2021-10-18T09:15:21.627Z] [runtime-status] [13088] firebase-functions has been stubbed. {"functionsResolution":{"declared":true,"installed":true,"version":"3.15.4","resolution":"C:\\Users\\siddh\\OneDrive\\Desktop\\sports-world\\Sports_World_mpr\\functions\\node_modules\\firebase-functions\\lib\\index.js"}} {"metadata":{"emulator":{"name":"functions"},"message":"[runtime-status] [13088] firebase-functions has been stubbed. {\"functionsResolution\":{\"declared\":true,\"installed\":true,\"version\":\"3.15.4\",\"resolution\":\"C:\\\\Users\\\\siddh\\\\OneDrive\\\\Desktop\\\\sports-world\\\\Sports_World_mpr\\\\functions\\\\node_modules\\\\firebase-functions\\\\lib\\\\index.js\"}}"}}
[debug] [2021-10-18T09:15:21.629Z] [runtime-status] [13088] Resolved module firebase-functions {"declared":true,"installed":true,"version":"3.15.4","resolution":"C:\\Users\\siddh\\OneDrive\\Desktop\\sports-world\\Sports_World_mpr\\functions\\node_modules\\firebase-functions\\lib\\index.js"} {"metadata":{"emulator":{"name":"functions"},"message":"[runtime-status] [13088] Resolved module firebase-functions {\"declared\":true,\"installed\":true,\"version\":\"3.15.4\",\"resolution\":\"C:\\\\Users\\\\siddh\\\\OneDrive\\\\Desktop\\\\sports-world\\\\Sports_World_mpr\\\\functions\\\\node_modules\\\\firebase-functions\\\\lib\\\\index.js\"}"}}
[debug] [2021-10-18T09:15:21.633Z] [runtime-status] [13088] Resolved module firebase-admin {"declared":true,"installed":true,"version":"9.12.0","resolution":"C:\\Users\\siddh\\OneDrive\\Desktop\\sports-world\\Sports_World_mpr\\functions\\node_modules\\firebase-admin\\lib\\index.js"} {"metadata":{"emulator":{"name":"functions"},"message":"[runtime-status] [13088] Resolved module firebase-admin {\"declared\":true,\"installed\":true,\"version\":\"9.12.0\",\"resolution\":\"C:\\\\Users\\\\siddh\\\\OneDrive\\\\Desktop\\\\sports-world\\\\Sports_World_mpr\\\\functions\\\\node_modules\\\\firebase-admin\\\\lib\\\\index.js\"}"}}
[debug] [2021-10-18T09:15:21.635Z] [runtime-status] [13088] Resolved module firebase-functions {"declared":true,"installed":true,"version":"3.15.4","resolution":"C:\\Users\\siddh\\OneDrive\\Desktop\\sports-world\\Sports_World_mpr\\functions\\node_modules\\firebase-functions\\lib\\index.js"} {"metadata":{"emulator":{"name":"functions"},"message":"[runtime-status] [13088] Resolved module firebase-functions {\"declared\":true,\"installed\":true,\"version\":\"3.15.4\",\"resolution\":\"C:\\\\Users\\\\siddh\\\\OneDrive\\\\Desktop\\\\sports-world\\\\Sports_World_mpr\\\\functions\\\\node_modules\\\\firebase-functions\\\\lib\\\\index.js\"}"}}
[debug] [2021-10-18T09:15:21.636Z] [runtime-status] [13088] firebase-admin has been stubbed. {"adminResolution":{"declared":true,"installed":true,"version":"9.12.0","resolution":"C:\\Users\\siddh\\OneDrive\\Desktop\\sports-world\\Sports_World_mpr\\functions\\node_modules\\firebase-admin\\lib\\index.js"}} {"metadata":{"emulator":{"name":"functions"},"message":"[runtime-status] [13088] firebase-admin has been stubbed. {\"adminResolution\":{\"declared\":true,\"installed\":true,\"version\":\"9.12.0\",\"resolution\":\"C:\\\\Users\\\\siddh\\\\OneDrive\\\\Desktop\\\\sports-world\\\\Sports_World_mpr\\\\functions\\\\node_modules\\\\firebase-admin\\\\lib\\\\index.js\"}}"}}
[info] +  functions[us-central1-api]: http function initialized (http://localhost:5001/clone-1a104/us-central1/api). {"metadata":{"emulator":{"name":"functions"},"message":"\u001b[1mhttp\u001b[22m function initialized (http://localhost:5001/clone-1a104/us-central1/api)."}}
[info] 
┌─────────────────────────────────────────────────────────────┐
│ ✔  All emulators ready! It is now safe to connect your app. │
│ i  View Emulator UI at http://localhost:4000                │
└─────────────────────────────────────────────────────────────┘

┌───────────┬────────────────┬─────────────────────────────────┐
│ Emulator  │ Host:Port      │ View in Emulator UI             │
├───────────┼────────────────┼─────────────────────────────────┤
│ Functions │ localhost:5001 │ http://localhost:4000/functions │
├───────────┼────────────────┼─────────────────────────────────┤
│ Hosting   │ localhost:5000 │ n/a                             │
└───────────┴────────────────┴─────────────────────────────────┘
  Emulator Hub running at localhost:4400
  Other reserved ports: 4500

Issues? Report them at https://github.com/firebase/firebase-tools/issues and attach the *-debug.log files.
 
[debug] [2021-10-18T09:15:23.516Z] [worker-~diagnostic~-6fa5d1ca-428f-4902-9741-e7bc2f709c58]: IDLE {"metadata":{"emulator":{"name":"functions"},"message":"[worker-~diagnostic~-6fa5d1ca-428f-4902-9741-e7bc2f709c58]: IDLE"}}
[debug] [2021-10-18T09:15:32.337Z] [work-queue] {"queueLength":1,"workRunningCount":0}
[debug] [2021-10-18T09:15:32.337Z] [work-queue] {"queueLength":0,"workRunningCount":1}
[debug] [2021-10-18T09:15:32.337Z] Accepted request POST /clone-1a104/us-central1/api/payments/create?total=430000 --> us-central1-api
[debug] [2021-10-18T09:15:32.345Z] [worker-pool] addWorker(us-central1-api) {"metadata":{"emulator":{"name":"functions"},"message":"[worker-pool] addWorker(us-central1-api)"}}
[debug] [2021-10-18T09:15:32.346Z] [worker-pool] Adding worker with key us-central1-api, total=1 {"metadata":{"emulator":{"name":"functions"},"message":"[worker-pool] Adding worker with key us-central1-api, total=1"}}
[debug] [2021-10-18T09:15:32.346Z] [worker-pool] submitWork(triggerId=us-central1-api) {"metadata":{"emulator":{"name":"functions"},"message":"[worker-pool] submitWork(triggerId=us-central1-api)"}}
[debug] [2021-10-18T09:15:32.347Z] [worker-us-central1-api-13d7b8e2-55aa-4946-be00-759bc928b3c5]: Assigning socketPath: \\?\pipe\C:\Users\siddh\OneDrive\Desktop\sports-world\Sports_World_mpr\functions\15556 {"metadata":{"emulator":{"name":"functions"},"message":"[worker-us-central1-api-13d7b8e2-55aa-4946-be00-759bc928b3c5]: Assigning socketPath: \\\\?\\pipe\\C:\\Users\\siddh\\OneDrive\\Desktop\\sports-world\\Sports_World_mpr\\functions\\15556"}}
[debug] [2021-10-18T09:15:32.347Z] [worker-us-central1-api-13d7b8e2-55aa-4946-be00-759bc928b3c5]: BUSY {"metadata":{"emulator":{"name":"functions"},"message":"[worker-us-central1-api-13d7b8e2-55aa-4946-be00-759bc928b3c5]: BUSY"}}
[debug] [2021-10-18T09:15:33.791Z] [runtime-status] [15556] Functions runtime initialized. {"cwd":"C:\\Users\\siddh\\OneDrive\\Desktop\\sports-world\\Sports_World_mpr\\functions","node_version":"14.18.0"} {"metadata":{"emulator":{"name":"functions"},"function":{"name":"us-central1-api"},"message":"[runtime-status] [15556] Functions runtime initialized. {\"cwd\":\"C:\\\\Users\\\\siddh\\\\OneDrive\\\\Desktop\\\\sports-world\\\\Sports_World_mpr\\\\functions\",\"node_version\":\"14.18.0\"}"}}
[debug] [2021-10-18T09:15:33.798Z] [runtime-status] [15556] Disabled runtime features: undefined {"metadata":{"emulator":{"name":"functions"},"function":{"name":"us-central1-api"},"message":"[runtime-status] [15556] Disabled runtime features: undefined"}}
[debug] [2021-10-18T09:15:33.803Z] [runtime-status] [15556] Resolved module firebase-admin {"declared":true,"installed":true,"version":"9.12.0","resolution":"C:\\Users\\siddh\\OneDrive\\Desktop\\sports-world\\Sports_World_mpr\\functions\\node_modules\\firebase-admin\\lib\\index.js"} {"metadata":{"emulator":{"name":"functions"},"function":{"name":"us-central1-api"},"message":"[runtime-status] [15556] Resolved module firebase-admin {\"declared\":true,\"installed\":true,\"version\":\"9.12.0\",\"resolution\":\"C:\\\\Users\\\\siddh\\\\OneDrive\\\\Desktop\\\\sports-world\\\\Sports_World_mpr\\\\functions\\\\node_modules\\\\firebase-admin\\\\lib\\\\index.js\"}"}}
[debug] [2021-10-18T09:15:33.807Z] [runtime-status] [15556] Resolved module firebase-functions {"declared":true,"installed":true,"version":"3.15.4","resolution":"C:\\Users\\siddh\\OneDrive\\Desktop\\sports-world\\Sports_World_mpr\\functions\\node_modules\\firebase-functions\\lib\\index.js"} {"metadata":{"emulator":{"name":"functions"},"function":{"name":"us-central1-api"},"message":"[runtime-status] [15556] Resolved module firebase-functions {\"declared\":true,\"installed\":true,\"version\":\"3.15.4\",\"resolution\":\"C:\\\\Users\\\\siddh\\\\OneDrive\\\\Desktop\\\\sports-world\\\\Sports_World_mpr\\\\functions\\\\node_modules\\\\firebase-functions\\\\lib\\\\index.js\"}"}}
[debug] [2021-10-18T09:15:33.809Z] [runtime-status] [15556] Outgoing network have been stubbed. [{"name":"http","status":"mocked"},{"name":"http","status":"mocked"},{"name":"https","status":"mocked"},{"name":"https","status":"mocked"},{"name":"net","status":"mocked"}] {"metadata":{"emulator":{"name":"functions"},"function":{"name":"us-central1-api"},"message":"[runtime-status] [15556] Outgoing network have been stubbed. [{\"name\":\"http\",\"status\":\"mocked\"},{\"name\":\"http\",\"status\":\"mocked\"},{\"name\":\"https\",\"status\":\"mocked\"},{\"name\":\"https\",\"status\":\"mocked\"},{\"name\":\"net\",\"status\":\"mocked\"}]"}}
[debug] [2021-10-18T09:15:33.811Z] [runtime-status] [15556] Resolved module firebase-functions {"declared":true,"installed":true,"version":"3.15.4","resolution":"C:\\Users\\siddh\\OneDrive\\Desktop\\sports-world\\Sports_World_mpr\\functions\\node_modules\\firebase-functions\\lib\\index.js"} {"metadata":{"emulator":{"name":"functions"},"function":{"name":"us-central1-api"},"message":"[runtime-status] [15556] Resolved module firebase-functions {\"declared\":true,\"installed\":true,\"version\":\"3.15.4\",\"resolution\":\"C:\\\\Users\\\\siddh\\\\OneDrive\\\\Desktop\\\\sports-world\\\\Sports_World_mpr\\\\functions\\\\node_modules\\\\firebase-functions\\\\lib\\\\index.js\"}"}}
[debug] [2021-10-18T09:15:33.906Z] [runtime-status] [15556] Checked functions.config() {"config":{}} {"metadata":{"emulator":{"name":"functions"},"function":{"name":"us-central1-api"},"message":"[runtime-status] [15556] Checked functions.config() {\"config\":{}}"}}
[debug] [2021-10-18T09:15:33.906Z] [runtime-status] [15556] firebase-functions has been stubbed. {"functionsResolution":{"declared":true,"installed":true,"version":"3.15.4","resolution":"C:\\Users\\siddh\\OneDrive\\Desktop\\sports-world\\Sports_World_mpr\\functions\\node_modules\\firebase-functions\\lib\\index.js"}} {"metadata":{"emulator":{"name":"functions"},"function":{"name":"us-central1-api"},"message":"[runtime-status] [15556] firebase-functions has been stubbed. {\"functionsResolution\":{\"declared\":true,\"installed\":true,\"version\":\"3.15.4\",\"resolution\":\"C:\\\\Users\\\\siddh\\\\OneDrive\\\\Desktop\\\\sports-world\\\\Sports_World_mpr\\\\functions\\\\node_modules\\\\firebase-functions\\\\lib\\\\index.js\"}}"}}
[debug] [2021-10-18T09:15:33.908Z] [runtime-status] [15556] Resolved module firebase-functions {"declared":true,"installed":true,"version":"3.15.4","resolution":"C:\\Users\\siddh\\OneDrive\\Desktop\\sports-world\\Sports_World_mpr\\functions\\node_modules\\firebase-functions\\lib\\index.js"} {"metadata":{"emulator":{"name":"functions"},"function":{"name":"us-central1-api"},"message":"[runtime-status] [15556] Resolved module firebase-functions {\"declared\":true,\"installed\":true,\"version\":\"3.15.4\",\"resolution\":\"C:\\\\Users\\\\siddh\\\\OneDrive\\\\Desktop\\\\sports-world\\\\Sports_World_mpr\\\\functions\\\\node_modules\\\\firebase-functions\\\\lib\\\\index.js\"}"}}
[debug] [2021-10-18T09:15:33.910Z] [runtime-status] [15556] Resolved module firebase-admin {"declared":true,"installed":true,"version":"9.12.0","resolution":"C:\\Users\\siddh\\OneDrive\\Desktop\\sports-world\\Sports_World_mpr\\functions\\node_modules\\firebase-admin\\lib\\index.js"} {"metadata":{"emulator":{"name":"functions"},"function":{"name":"us-central1-api"},"message":"[runtime-status] [15556] Resolved module firebase-admin {\"declared\":true,\"installed\":true,\"version\":\"9.12.0\",\"resolution\":\"C:\\\\Users\\\\siddh\\\\OneDrive\\\\Desktop\\\\sports-world\\\\Sports_World_mpr\\\\functions\\\\node_modules\\\\firebase-admin\\\\lib\\\\index.js\"}"}}
[debug] [2021-10-18T09:15:33.911Z] [runtime-status] [15556] Resolved module firebase-functions {"declared":true,"installed":true,"version":"3.15.4","resolution":"C:\\Users\\siddh\\OneDrive\\Desktop\\sports-world\\Sports_World_mpr\\functions\\node_modules\\firebase-functions\\lib\\index.js"} {"metadata":{"emulator":{"name":"functions"},"function":{"name":"us-central1-api"},"message":"[runtime-status] [15556] Resolved module firebase-functions {\"declared\":true,\"installed\":true,\"version\":\"3.15.4\",\"resolution\":\"C:\\\\Users\\\\siddh\\\\OneDrive\\\\Desktop\\\\sports-world\\\\Sports_World_mpr\\\\functions\\\\node_modules\\\\firebase-functions\\\\lib\\\\index.js\"}"}}
[debug] [2021-10-18T09:15:33.915Z] [runtime-status] [15556] firebase-admin has been stubbed. {"adminResolution":{"declared":true,"installed":true,"version":"9.12.0","resolution":"C:\\Users\\siddh\\OneDrive\\Desktop\\sports-world\\Sports_World_mpr\\functions\\node_modules\\firebase-admin\\lib\\index.js"}} {"metadata":{"emulator":{"name":"functions"},"function":{"name":"us-central1-api"},"message":"[runtime-status] [15556] firebase-admin has been stubbed. {\"adminResolution\":{\"declared\":true,\"installed\":true,\"version\":\"9.12.0\",\"resolution\":\"C:\\\\Users\\\\siddh\\\\OneDrive\\\\Desktop\\\\sports-world\\\\Sports_World_mpr\\\\functions\\\\node_modules\\\\firebase-admin\\\\lib\\\\index.js\"}}"}}
[debug] [2021-10-18T09:15:34.220Z] [runtime-status] [15556] Trigger "us-central1-api" has been found, beginning invocation! {"metadata":{"emulator":{"name":"functions"},"function":{"name":"us-central1-api"},"message":"[runtime-status] [15556] Trigger \"us-central1-api\" has been found, beginning invocation!"}}
[info] i  functions: Beginning execution of "us-central1-api" {"metadata":{"emulator":{"name":"functions"},"function":{"name":"us-central1-api"},"message":"Beginning execution of \"us-central1-api\""}}
[debug] [2021-10-18T09:15:34.221Z] [runtime-status] [15556] triggerDefinition {"httpsTrigger":{},"name":"api","entryPoint":"api","regions":["us-central1"],"region":"us-central1","id":"us-central1-api"} {"metadata":{"emulator":{"name":"functions"},"function":{"name":"us-central1-api"},"message":"[runtime-status] [15556] triggerDefinition {\"httpsTrigger\":{},\"name\":\"api\",\"entryPoint\":\"api\",\"regions\":[\"us-central1\"],\"region\":\"us-central1\",\"id\":\"us-central1-api\"}"}}
[debug] [2021-10-18T09:15:34.222Z] [runtime-status] [15556] Running us-central1-api in signature http {"metadata":{"emulator":{"name":"functions"},"function":{"name":"us-central1-api"},"message":"[runtime-status] [15556] Running us-central1-api in signature http"}}
[debug] [2021-10-18T09:15:34.226Z] [runtime-status] [15556] Attempting to listen to socketPath: \\?\pipe\C:\Users\siddh\OneDrive\Desktop\sports-world\Sports_World_mpr\functions\15556 {"metadata":{"emulator":{"name":"functions"},"function":{"name":"us-central1-api"},"message":"[runtime-status] [15556] Attempting to listen to socketPath: \\\\?\\pipe\\C:\\Users\\siddh\\OneDrive\\Desktop\\sports-world\\Sports_World_mpr\\functions\\15556"}}
[debug] [2021-10-18T09:15:34.232Z] [functions] Runtime ready! Sending request! {"metadata":{"emulator":{"name":"functions"},"message":"[functions] Runtime ready! Sending request!"}}
[debug] [2021-10-18T09:15:34.234Z] [functions] Got req.url=/clone-1a104/us-central1/api/payments/create?total=430000, mapping to path=/payments/create?total=430000 {"metadata":{"emulator":{"name":"functions"},"message":"[functions] Got req.url=/clone-1a104/us-central1/api/payments/create?total=430000, mapping to path=/payments/create?total=430000"}}
[debug] [2021-10-18T09:15:34.246Z] [runtime-status] [15556] Ephemeral server handling POST request {"metadata":{"emulator":{"name":"functions"},"function":{"name":"us-central1-api"},"message":"[runtime-status] [15556] Ephemeral server handling POST request"}}
[info] >  Payment Request Recieved BOOM!!! for this amount >>>  430000 {"user":"Payment Request Recieved BOOM!!! for this amount >>>  430000","metadata":{"emulator":{"name":"functions"},"function":{"name":"us-central1-api"},"message":"\u001b[90m> \u001b[39m Payment Request Recieved BOOM!!! for this amount >>>  430000"}}
[debug] [2021-10-18T09:15:34.266Z] [runtime-status] [15556] Ephemeral server survived. {"metadata":{"emulator":{"name":"functions"},"function":{"name":"us-central1-api"},"message":"[runtime-status] [15556] Ephemeral server survived."}}
[info] i  functions: Finished "us-central1-api" in ~1s {"metadata":{"emulator":{"name":"functions"},"function":{"name":"us-central1-api"},"message":"Finished \"us-central1-api\" in ~1s"}}
[debug] [2021-10-18T09:15:34.841Z] [worker-us-central1-api-13d7b8e2-55aa-4946-be00-759bc928b3c5]: IDLE {"metadata":{"emulator":{"name":"functions"},"message":"[worker-us-central1-api-13d7b8e2-55aa-4946-be00-759bc928b3c5]: IDLE"}}
[debug] [2021-10-18T09:15:34.842Z] [work-queue] {"queueLength":0,"workRunningCount":0}
[debug] [2021-10-18T09:15:48.780Z] [work-queue] {"queueLength":1,"workRunningCount":0}
[debug] [2021-10-18T09:15:48.781Z] [work-queue] {"queueLength":0,"workRunningCount":1}
[debug] [2021-10-18T09:15:48.781Z] Accepted request POST /clone-1a104/us-central1/api/payments/create?total=0 --> us-central1-api
[debug] [2021-10-18T09:15:48.781Z] [worker-pool] submitWork(triggerId=us-central1-api) {"metadata":{"emulator":{"name":"functions"},"message":"[worker-pool] submitWork(triggerId=us-central1-api)"}}
[debug] [2021-10-18T09:15:48.781Z] [worker-us-central1-api-13d7b8e2-55aa-4946-be00-759bc928b3c5]: Assigning socketPath: \\?\pipe\C:\Users\siddh\OneDrive\Desktop\sports-world\Sports_World_mpr\functions\15556 {"metadata":{"emulator":{"name":"functions"},"message":"[worker-us-central1-api-13d7b8e2-55aa-4946-be00-759bc928b3c5]: Assigning socketPath: \\\\?\\pipe\\C:\\Users\\siddh\\OneDrive\\Desktop\\sports-world\\Sports_World_mpr\\functions\\15556"}}
[debug] [2021-10-18T09:15:48.782Z] [worker-us-central1-api-13d7b8e2-55aa-4946-be00-759bc928b3c5]: BUSY {"metadata":{"emulator":{"name":"functions"},"message":"[worker-us-central1-api-13d7b8e2-55aa-4946-be00-759bc928b3c5]: BUSY"}}
[debug] [2021-10-18T09:15:48.782Z] [runtime-status] [15556] Trigger "us-central1-api" has been found, beginning invocation! {"metadata":{"emulator":{"name":"functions"},"function":{"name":"us-central1-api"},"message":"[runtime-status] [15556] Trigger \"us-central1-api\" has been found, beginning invocation!"}}
[info] i  functions: Beginning execution of "us-central1-api" {"metadata":{"emulator":{"name":"functions"},"function":{"name":"us-central1-api"},"message":"Beginning execution of \"us-central1-api\""}}
[debug] [2021-10-18T09:15:48.784Z] [runtime-status] [15556] triggerDefinition {"httpsTrigger":{},"name":"api","entryPoint":"api","regions":["us-central1"],"region":"us-central1","id":"us-central1-api"} {"metadata":{"emulator":{"name":"functions"},"function":{"name":"us-central1-api"},"message":"[runtime-status] [15556] triggerDefinition {\"httpsTrigger\":{},\"name\":\"api\",\"entryPoint\":\"api\",\"regions\":[\"us-central1\"],\"region\":\"us-central1\",\"id\":\"us-central1-api\"}"}}
[debug] [2021-10-18T09:15:48.784Z] [runtime-status] [15556] Running us-central1-api in signature http {"metadata":{"emulator":{"name":"functions"},"function":{"name":"us-central1-api"},"message":"[runtime-status] [15556] Running us-central1-api in signature http"}}
[debug] [2021-10-18T09:15:48.785Z] [runtime-status] [15556] Attempting to listen to socketPath: \\?\pipe\C:\Users\siddh\OneDrive\Desktop\sports-world\Sports_World_mpr\functions\15556 {"metadata":{"emulator":{"name":"functions"},"function":{"name":"us-central1-api"},"message":"[runtime-status] [15556] Attempting to listen to socketPath: \\\\?\\pipe\\C:\\Users\\siddh\\OneDrive\\Desktop\\sports-world\\Sports_World_mpr\\functions\\15556"}}
[debug] [2021-10-18T09:15:48.786Z] [functions] Runtime ready! Sending request! {"metadata":{"emulator":{"name":"functions"},"message":"[functions] Runtime ready! Sending request!"}}
[debug] [2021-10-18T09:15:48.786Z] [functions] Got req.url=/clone-1a104/us-central1/api/payments/create?total=0, mapping to path=/payments/create?total=0 {"metadata":{"emulator":{"name":"functions"},"message":"[functions] Got req.url=/clone-1a104/us-central1/api/payments/create?total=0, mapping to path=/payments/create?total=0"}}
[debug] [2021-10-18T09:15:48.794Z] [runtime-status] [15556] Ephemeral server handling POST request {"metadata":{"emulator":{"name":"functions"},"function":{"name":"us-central1-api"},"message":"[runtime-status] [15556] Ephemeral server handling POST request"}}
[info] >  Payment Request Recieved BOOM!!! for this amount >>>  0 {"user":"Payment Request Recieved BOOM!!! for this amount >>>  0","metadata":{"emulator":{"name":"functions"},"function":{"name":"us-central1-api"},"message":"\u001b[90m> \u001b[39m Payment Request Recieved BOOM!!! for this amount >>>  0"}}
[debug] [2021-10-18T09:15:48.797Z] [runtime-status] [15556] Ephemeral server survived. {"metadata":{"emulator":{"name":"functions"},"function":{"name":"us-central1-api"},"message":"[runtime-status] [15556] Ephemeral server survived."}}
[info] >  (node:15556) UnhandledPromiseRejectionWarning: Error: This value must be greater than or equal to 1. {"user":"(node:15556) UnhandledPromiseRejectionWarning: Error: This value must be greater than or equal to 1.","metadata":{"emulator":{"name":"functions"},"function":{"name":"us-central1-api"},"message":"\u001b[90m> \u001b[39m (node:15556) UnhandledPromiseRejectionWarning: Error: This value must be greater than or equal to 1."}}
[info] >      at Function.generate (C:\Users\siddh\OneDrive\Desktop\sports-world\Sports_World_mpr\functions\node_modules\stripe\lib\Error.js:40:16) {"user":"    at Function.generate (C:\\Users\\siddh\\OneDrive\\Desktop\\sports-world\\Sports_World_mpr\\functions\\node_modules\\stripe\\lib\\Error.js:40:16)","metadata":{"emulator":{"name":"functions"},"function":{"name":"us-central1-api"},"message":"\u001b[90m> \u001b[39m     at Function.generate (C:\\Users\\siddh\\OneDrive\\Desktop\\sports-world\\Sports_World_mpr\\functions\\node_modules\\stripe\\lib\\Error.js:40:16)"}}
[info] >      at res.toJSON.then.StripeAPIError.message (C:\Users\siddh\OneDrive\Desktop\sports-world\Sports_World_mpr\functions\node_modules\stripe\lib\StripeResource.js:220:35) {"user":"    at res.toJSON.then.StripeAPIError.message (C:\\Users\\siddh\\OneDrive\\Desktop\\sports-world\\Sports_World_mpr\\functions\\node_modules\\stripe\\lib\\StripeResource.js:220:35)","metadata":{"emulator":{"name":"functions"},"function":{"name":"us-central1-api"},"message":"\u001b[90m> \u001b[39m     at res.toJSON.then.StripeAPIError.message (C:\\Users\\siddh\\OneDrive\\Desktop\\sports-world\\Sports_World_mpr\\functions\\node_modules\\stripe\\lib\\StripeResource.js:220:35)"}}
[info] >      at processTicksAndRejections (internal/process/task_queues.js:95:5) {"user":"    at processTicksAndRejections (internal/process/task_queues.js:95:5)","metadata":{"emulator":{"name":"functions"},"function":{"name":"us-central1-api"},"message":"\u001b[90m> \u001b[39m     at processTicksAndRejections (internal/process/task_queues.js:95:5)"}}
[info] >  (Use `node --trace-warnings ...` to show where the warning was created) {"user":"(Use `node --trace-warnings ...` to show where the warning was created)","metadata":{"emulator":{"name":"functions"},"function":{"name":"us-central1-api"},"message":"\u001b[90m> \u001b[39m (Use `node --trace-warnings ...` to show where the warning was created)"}}
[info] >  (node:15556) UnhandledPromiseRejectionWarning: Unhandled promise rejection. This error originated either by throwing inside of an async function without a catch block, or by rejecting a promise which was not handled with .catch(). To terminate the node process on unhandled promise rejection, use the CLI flag `--unhandled-rejections=strict` (see https://nodejs.org/api/cli.html#cli_unhandled_rejections_mode). (rejection id: 1) {"user":"(node:15556) UnhandledPromiseRejectionWarning: Unhandled promise rejection. This error originated either by throwing inside of an async function without a catch block, or by rejecting a promise which was not handled with .catch(). To terminate the node process on unhandled promise rejection, use the CLI flag `--unhandled-rejections=strict` (see https://nodejs.org/api/cli.html#cli_unhandled_rejections_mode). (rejection id: 1)","metadata":{"emulator":{"name":"functions"},"function":{"name":"us-central1-api"},"message":"\u001b[90m> \u001b[39m (node:15556) UnhandledPromiseRejectionWarning: Unhandled promise rejection. This error originated either by throwing inside of an async function without a catch block, or by rejecting a promise which was not handled with .catch(). To terminate the node process on unhandled promise rejection, use the CLI flag `--unhandled-rejections=strict` (see https://nodejs.org/api/cli.html#cli_unhandled_rejections_mode). (rejection id: 1)"}}
[info] >  (node:15556) [DEP0018] DeprecationWarning: Unhandled promise rejections are deprecated. In the future, promise rejections that are not handled will terminate the Node.js process with a non-zero exit code. {"user":"(node:15556) [DEP0018] DeprecationWarning: Unhandled promise rejections are deprecated. In the future, promise rejections that are not handled will terminate the Node.js process with a non-zero exit code.","metadata":{"emulator":{"name":"functions"},"function":{"name":"us-central1-api"},"message":"\u001b[90m> \u001b[39m (node:15556) [DEP0018] DeprecationWarning: Unhandled promise rejections are deprecated. In the future, promise rejections that are not handled will terminate the Node.js process with a non-zero exit code."}}
