[debug] [2021-10-20T03:34:53.179Z] ----------------------------------------------------------------------
[debug] [2021-10-20T03:34:53.184Z] Command:       C:\Program Files (x86)\nodejs\node.exe C:\Users\HP\AppData\Roaming\npm\node_modules\firebase-tools\lib\bin\firebase.js emulators:start
[debug] [2021-10-20T03:34:53.185Z] CLI Version:   9.20.0
[debug] [2021-10-20T03:34:53.185Z] Platform:      win32
[debug] [2021-10-20T03:34:53.185Z] Node Version:  v14.17.0
[debug] [2021-10-20T03:34:53.196Z] Time:          Wed Oct 20 2021 09:04:53 GMT+0530 (India Standard Time)
[debug] [2021-10-20T03:34:53.196Z] ----------------------------------------------------------------------
[debug] 
[debug] [2021-10-20T03:34:53.386Z] > command requires scopes: ["email","openid","https://www.googleapis.com/auth/cloudplatformprojects.readonly","https://www.googleapis.com/auth/firebase","https://www.googleapis.com/auth/cloud-platform"]
[debug] [2021-10-20T03:34:53.387Z] > authorizing via signed-in user (yashkhatwani2002@gmail.com)
[info] i  emulators: Starting emulators: functions, hosting {"metadata":{"emulator":{"name":"hub"},"message":"Starting emulators: functions, hosting"}}
[warn] !  emulators: It seems that you are running multiple instances of the emulator suite for project clone-1a104. This may result in unexpected behavior. 
[debug] [2021-10-20T03:34:53.457Z] [hub] writing locator at C:\Users\HP\AppData\Local\Temp\hub-clone-1a104.json
[warn] !  functions: The following emulators are not running, calls to these services from the Functions emulator will affect production: auth, firestore, database, pubsub, storage {"metadata":{"emulator":{"name":"functions"},"message":"The following emulators are not running, calls to these services from the Functions emulator will affect production: \u001b[1mauth, firestore, database, pubsub, storage\u001b[22m"}}
[info] +  functions: Using node@14 from host. {"metadata":{"emulator":{"name":"functions"},"message":"Using node@14 from host."}}
[debug] [2021-10-20T03:34:53.821Z] defaultcredentials: writing to file C:\Users\HP\AppData\Roaming\firebase\yashkhatwani2002_gmail_com_application_default_credentials.json
[debug] [2021-10-20T03:34:53.855Z] Setting GAC to C:\Users\HP\AppData\Roaming\firebase\yashkhatwani2002_gmail_com_application_default_credentials.json {"metadata":{"emulator":{"name":"functions"},"message":"Setting GAC to C:\\Users\\HP\\AppData\\Roaming\\firebase\\yashkhatwani2002_gmail_com_application_default_credentials.json"}}
[debug] [2021-10-20T03:34:53.859Z] > refreshing access token with scopes: []
[debug] [2021-10-20T03:34:53.861Z] >>> HTTP REQUEST POST https://www.googleapis.com/oauth2/v3/token  
 <request body omitted>
[debug] [2021-10-20T03:34:54.050Z] <<< HTTP RESPONSE 200 {"cache-control":"no-cache, no-store, max-age=0, must-revalidate","date":"Wed, 20 Oct 2021 03:34:56 GMT","expires":"Mon, 01 Jan 1990 00:00:00 GMT","pragma":"no-cache","content-type":"application/json; charset=utf-8","vary":"X-Origin, Referer, Origin,Accept-Encoding","server":"scaffolding on HTTPServer2","x-xss-protection":"0","x-frame-options":"SAMEORIGIN","x-content-type-options":"nosniff","alt-svc":"h3=\":443\"; ma=2592000,h3-29=\":443\"; ma=2592000,h3-Q050=\":443\"; ma=2592000,h3-Q046=\":443\"; ma=2592000,h3-Q043=\":443\"; ma=2592000","accept-ranges":"none","transfer-encoding":"chunked"}
[debug] [2021-10-20T03:34:54.095Z] >>> [apiv2][query] GET https://firebase.googleapis.com/v1beta1/projects/clone-1a104/adminSdkConfig [none]
[debug] [2021-10-20T03:34:54.574Z] <<< [apiv2][status] GET https://firebase.googleapis.com/v1beta1/projects/clone-1a104/adminSdkConfig 200
[debug] [2021-10-20T03:34:54.575Z] <<< [apiv2][body] GET https://firebase.googleapis.com/v1beta1/projects/clone-1a104/adminSdkConfig {"projectId":"clone-1a104","storageBucket":"clone-1a104.appspot.com","locationId":"us-central"}
[debug] [2021-10-20T03:34:54.605Z] >>> [apiv2][query] GET https://firebasehosting.googleapis.com/v1beta1/projects/clone-1a104/sites 
[debug] [2021-10-20T03:34:56.386Z] <<< [apiv2][status] GET https://firebasehosting.googleapis.com/v1beta1/projects/clone-1a104/sites 200
[debug] [2021-10-20T03:34:56.386Z] <<< [apiv2][body] GET https://firebasehosting.googleapis.com/v1beta1/projects/clone-1a104/sites {"sites":[{"name":"projects/230941578010/sites/clone-1a104","defaultUrl":"https://clone-1a104.web.app","appId":"1:230941578010:web:bb778255f3c00347d792a3","type":"DEFAULT_SITE"}]}
[debug] [2021-10-20T03:34:56.387Z] >>> [apiv2][query] GET https://firebase.googleapis.com/v1beta1/projects/clone-1a104/webApps/1:230941578010:web:bb778255f3c00347d792a3/config [none]
[debug] [2021-10-20T03:34:57.877Z] <<< [apiv2][status] GET https://firebase.googleapis.com/v1beta1/projects/clone-1a104/webApps/1:230941578010:web:bb778255f3c00347d792a3/config 200
[debug] [2021-10-20T03:34:57.877Z] <<< [apiv2][body] GET https://firebase.googleapis.com/v1beta1/projects/clone-1a104/webApps/1:230941578010:web:bb778255f3c00347d792a3/config {"projectId":"clone-1a104","appId":"1:230941578010:web:bb778255f3c00347d792a3","storageBucket":"clone-1a104.appspot.com","locationId":"us-central","apiKey":"AIzaSyA9GhajuVbmlDAz8J3BbV78BvT5g5guD7Y","authDomain":"clone-1a104.firebaseapp.com","messagingSenderId":"230941578010","measurementId":"G-HE59DK0RFZ"}
[info] i  hosting: Serving hosting files from: build {"metadata":{"emulator":{"name":"hosting"},"message":"Serving hosting files from: \u001b[1mbuild\u001b[22m"}}
[info] +  hosting: Local server: http://localhost:5000 {"metadata":{"emulator":{"name":"hosting"},"message":"Local server: \u001b[4m\u001b[1mhttp://localhost:5000\u001b[22m\u001b[24m"}}
[debug] [2021-10-20T03:34:58.090Z] Ignoring unsupported arg: auto_download {"metadata":{"emulator":{"name":"ui"},"message":"Ignoring unsupported arg: auto_download"}}
[debug] [2021-10-20T03:34:58.091Z] Ignoring unsupported arg: port {"metadata":{"emulator":{"name":"ui"},"message":"Ignoring unsupported arg: port"}}
[debug] [2021-10-20T03:34:58.091Z] Starting Emulator UI with command {"binary":"node","args":["C:\\Users\\HP\\.cache\\firebase\\emulators\\ui-v1.6.3\\server.bundle.js"],"optionalArgs":[],"joinArgs":false} {"metadata":{"emulator":{"name":"ui"},"message":"Starting Emulator UI with command {\"binary\":\"node\",\"args\":[\"C:\\\\Users\\\\HP\\\\.cache\\\\firebase\\\\emulators\\\\ui-v1.6.3\\\\server.bundle.js\"],\"optionalArgs\":[],\"joinArgs\":false}"}}
[info] i  ui: Emulator UI logging to ui-debug.log {"metadata":{"emulator":{"name":"ui"},"message":"Emulator UI logging to \u001b[1mui-debug.log\u001b[22m"}}
[debug] [2021-10-20T03:34:58.526Z] Web / API server started at localhost:4000
 {"metadata":{"emulator":{"name":"ui"},"message":"Web / API server started at localhost:4000\n"}}
[info] i  functions: Watching "D:\Sports\functions" for Cloud Functions... {"metadata":{"emulator":{"name":"functions"},"message":"Watching \"D:\\Sports\\functions\" for Cloud Functions..."}}
[debug] [2021-10-20T03:34:58.687Z] [worker-pool] addWorker(~diagnostic~) {"metadata":{"emulator":{"name":"functions"},"message":"[worker-pool] addWorker(~diagnostic~)"}}
[debug] [2021-10-20T03:34:58.687Z] [worker-pool] Adding worker with key ~diagnostic~, total=1 {"metadata":{"emulator":{"name":"functions"},"message":"[worker-pool] Adding worker with key ~diagnostic~, total=1"}}
[debug] [2021-10-20T03:34:58.688Z] [worker-pool] submitWork(triggerId=) {"metadata":{"emulator":{"name":"functions"},"message":"[worker-pool] submitWork(triggerId=)"}}
[debug] [2021-10-20T03:34:58.689Z] [worker-~diagnostic~-f59743e6-c5f0-42bc-95bf-cc20b9721cd5]: Assigning socketPath: \\?\pipe\D:\Sports\functions\3652 {"metadata":{"emulator":{"name":"functions"},"message":"[worker-~diagnostic~-f59743e6-c5f0-42bc-95bf-cc20b9721cd5]: Assigning socketPath: \\\\?\\pipe\\D:\\Sports\\functions\\3652"}}
[debug] [2021-10-20T03:34:58.691Z] [worker-~diagnostic~-f59743e6-c5f0-42bc-95bf-cc20b9721cd5]: BUSY {"metadata":{"emulator":{"name":"functions"},"message":"[worker-~diagnostic~-f59743e6-c5f0-42bc-95bf-cc20b9721cd5]: BUSY"}}
[debug] [2021-10-20T03:34:59.136Z] [runtime-status] [3652] Functions runtime initialized. {"cwd":"D:\\Sports\\functions","node_version":"14.17.0"} {"metadata":{"emulator":{"name":"functions"},"message":"[runtime-status] [3652] Functions runtime initialized. {\"cwd\":\"D:\\\\Sports\\\\functions\",\"node_version\":\"14.17.0\"}"}}
[debug] [2021-10-20T03:34:59.137Z] [runtime-status] [3652] Disabled runtime features: undefined {"metadata":{"emulator":{"name":"functions"},"message":"[runtime-status] [3652] Disabled runtime features: undefined"}}
[debug] [2021-10-20T03:34:59.179Z] [runtime-status] [3652] Resolved module firebase-admin {"declared":true,"installed":true,"version":"9.12.0","resolution":"D:\\Sports\\functions\\node_modules\\firebase-admin\\lib\\index.js"} {"metadata":{"emulator":{"name":"functions"},"message":"[runtime-status] [3652] Resolved module firebase-admin {\"declared\":true,\"installed\":true,\"version\":\"9.12.0\",\"resolution\":\"D:\\\\Sports\\\\functions\\\\node_modules\\\\firebase-admin\\\\lib\\\\index.js\"}"}}
[debug] [2021-10-20T03:34:59.224Z] [runtime-status] [3652] Resolved module firebase-functions {"declared":true,"installed":true,"version":"3.15.7","resolution":"D:\\Sports\\functions\\node_modules\\firebase-functions\\lib\\index.js"} {"metadata":{"emulator":{"name":"functions"},"message":"[runtime-status] [3652] Resolved module firebase-functions {\"declared\":true,\"installed\":true,\"version\":\"3.15.7\",\"resolution\":\"D:\\\\Sports\\\\functions\\\\node_modules\\\\firebase-functions\\\\lib\\\\index.js\"}"}}
[debug] [2021-10-20T03:34:59.228Z] [runtime-status] [3652] Outgoing network have been stubbed. [{"name":"http","status":"mocked"},{"name":"http","status":"mocked"},{"name":"https","status":"mocked"},{"name":"https","status":"mocked"},{"name":"net","status":"mocked"}] {"metadata":{"emulator":{"name":"functions"},"message":"[runtime-status] [3652] Outgoing network have been stubbed. [{\"name\":\"http\",\"status\":\"mocked\"},{\"name\":\"http\",\"status\":\"mocked\"},{\"name\":\"https\",\"status\":\"mocked\"},{\"name\":\"https\",\"status\":\"mocked\"},{\"name\":\"net\",\"status\":\"mocked\"}]"}}
[debug] [2021-10-20T03:34:59.231Z] [runtime-status] [3652] Resolved module firebase-functions {"declared":true,"installed":true,"version":"3.15.7","resolution":"D:\\Sports\\functions\\node_modules\\firebase-functions\\lib\\index.js"} {"metadata":{"emulator":{"name":"functions"},"message":"[runtime-status] [3652] Resolved module firebase-functions {\"declared\":true,\"installed\":true,\"version\":\"3.15.7\",\"resolution\":\"D:\\\\Sports\\\\functions\\\\node_modules\\\\firebase-functions\\\\lib\\\\index.js\"}"}}
[debug] [2021-10-20T03:35:00.712Z] [runtime-status] [3652] Checked functions.config() {"config":{}} {"metadata":{"emulator":{"name":"functions"},"message":"[runtime-status] [3652] Checked functions.config() {\"config\":{}}"}}
[debug] [2021-10-20T03:35:00.714Z] [runtime-status] [3652] firebase-functions has been stubbed. {"functionsResolution":{"declared":true,"installed":true,"version":"3.15.7","resolution":"D:\\Sports\\functions\\node_modules\\firebase-functions\\lib\\index.js"}} {"metadata":{"emulator":{"name":"functions"},"message":"[runtime-status] [3652] firebase-functions has been stubbed. {\"functionsResolution\":{\"declared\":true,\"installed\":true,\"version\":\"3.15.7\",\"resolution\":\"D:\\\\Sports\\\\functions\\\\node_modules\\\\firebase-functions\\\\lib\\\\index.js\"}}"}}
[debug] [2021-10-20T03:35:00.715Z] [runtime-status] [3652] Resolved module firebase-functions {"declared":true,"installed":true,"version":"3.15.7","resolution":"D:\\Sports\\functions\\node_modules\\firebase-functions\\lib\\index.js"} {"metadata":{"emulator":{"name":"functions"},"message":"[runtime-status] [3652] Resolved module firebase-functions {\"declared\":true,\"installed\":true,\"version\":\"3.15.7\",\"resolution\":\"D:\\\\Sports\\\\functions\\\\node_modules\\\\firebase-functions\\\\lib\\\\index.js\"}"}}
[debug] [2021-10-20T03:35:00.719Z] [runtime-status] [3652] Resolved module firebase-admin {"declared":true,"installed":true,"version":"9.12.0","resolution":"D:\\Sports\\functions\\node_modules\\firebase-admin\\lib\\index.js"} {"metadata":{"emulator":{"name":"functions"},"message":"[runtime-status] [3652] Resolved module firebase-admin {\"declared\":true,\"installed\":true,\"version\":\"9.12.0\",\"resolution\":\"D:\\\\Sports\\\\functions\\\\node_modules\\\\firebase-admin\\\\lib\\\\index.js\"}"}}
[debug] [2021-10-20T03:35:00.724Z] [runtime-status] [3652] Resolved module firebase-functions {"declared":true,"installed":true,"version":"3.15.7","resolution":"D:\\Sports\\functions\\node_modules\\firebase-functions\\lib\\index.js"} {"metadata":{"emulator":{"name":"functions"},"message":"[runtime-status] [3652] Resolved module firebase-functions {\"declared\":true,\"installed\":true,\"version\":\"3.15.7\",\"resolution\":\"D:\\\\Sports\\\\functions\\\\node_modules\\\\firebase-functions\\\\lib\\\\index.js\"}"}}
[debug] [2021-10-20T03:35:00.724Z] [runtime-status] [3652] firebase-admin has been stubbed. {"adminResolution":{"declared":true,"installed":true,"version":"9.12.0","resolution":"D:\\Sports\\functions\\node_modules\\firebase-admin\\lib\\index.js"}} {"metadata":{"emulator":{"name":"functions"},"message":"[runtime-status] [3652] firebase-admin has been stubbed. {\"adminResolution\":{\"declared\":true,\"installed\":true,\"version\":\"9.12.0\",\"resolution\":\"D:\\\\Sports\\\\functions\\\\node_modules\\\\firebase-admin\\\\lib\\\\index.js\"}}"}}
[info] +  functions[us-central1-api]: http function initialized (http://localhost:5001/clone-1a104/us-central1/api). {"metadata":{"emulator":{"name":"functions"},"message":"\u001b[1mhttp\u001b[22m function initialized (http://localhost:5001/clone-1a104/us-central1/api)."}}
[info] 
┌─────────────────────────────────────────────────────────────┐
│ ✔  All emulators ready! It is now safe to connect your app. │
│ i  View Emulator UI at http://localhost:4000                │
└─────────────────────────────────────────────────────────────┘

┌───────────┬────────────────┬─────────────────────────────────┐
│ Emulator  │ Host:Port      │ View in Emulator UI             │
├───────────┼────────────────┼─────────────────────────────────┤
│ Functions │ localhost:5001 │ http://localhost:4000/functions │
├───────────┼────────────────┼─────────────────────────────────┤
│ Hosting   │ localhost:5000 │ n/a                             │
└───────────┴────────────────┴─────────────────────────────────┘
  Emulator Hub running at localhost:4400
  Other reserved ports: 4500

Issues? Report them at https://github.com/firebase/firebase-tools/issues and attach the *-debug.log files.
 
[debug] [2021-10-20T03:35:05.907Z] [worker-~diagnostic~-f59743e6-c5f0-42bc-95bf-cc20b9721cd5]: IDLE {"metadata":{"emulator":{"name":"functions"},"message":"[worker-~diagnostic~-f59743e6-c5f0-42bc-95bf-cc20b9721cd5]: IDLE"}}
[debug] [2021-10-20T03:43:38.936Z] [work-queue] {"queueLength":1,"workRunningCount":0}
[debug] [2021-10-20T03:43:38.937Z] [work-queue] {"queueLength":0,"workRunningCount":1}
[debug] [2021-10-20T03:43:38.937Z] Accepted request POST /clone-1a104/us-central1/api/payments/create?total=800000 --> us-central1-api
[debug] [2021-10-20T03:43:38.950Z] [worker-pool] addWorker(us-central1-api) {"metadata":{"emulator":{"name":"functions"},"message":"[worker-pool] addWorker(us-central1-api)"}}
[debug] [2021-10-20T03:43:38.951Z] [worker-pool] Adding worker with key us-central1-api, total=1 {"metadata":{"emulator":{"name":"functions"},"message":"[worker-pool] Adding worker with key us-central1-api, total=1"}}
[debug] [2021-10-20T03:43:38.951Z] [worker-pool] submitWork(triggerId=us-central1-api) {"metadata":{"emulator":{"name":"functions"},"message":"[worker-pool] submitWork(triggerId=us-central1-api)"}}
[debug] [2021-10-20T03:43:38.951Z] [worker-us-central1-api-4c0ed939-1d46-4fd9-952a-efd994a4a0e7]: Assigning socketPath: \\?\pipe\D:\Sports\functions\23868 {"metadata":{"emulator":{"name":"functions"},"message":"[worker-us-central1-api-4c0ed939-1d46-4fd9-952a-efd994a4a0e7]: Assigning socketPath: \\\\?\\pipe\\D:\\Sports\\functions\\23868"}}
[debug] [2021-10-20T03:43:38.951Z] [worker-us-central1-api-4c0ed939-1d46-4fd9-952a-efd994a4a0e7]: BUSY {"metadata":{"emulator":{"name":"functions"},"message":"[worker-us-central1-api-4c0ed939-1d46-4fd9-952a-efd994a4a0e7]: BUSY"}}
[debug] [2021-10-20T03:43:39.326Z] [runtime-status] [23868] Functions runtime initialized. {"cwd":"D:\\Sports\\functions","node_version":"14.17.0"} {"metadata":{"emulator":{"name":"functions"},"function":{"name":"us-central1-api"},"message":"[runtime-status] [23868] Functions runtime initialized. {\"cwd\":\"D:\\\\Sports\\\\functions\",\"node_version\":\"14.17.0\"}"}}
[debug] [2021-10-20T03:43:39.327Z] [runtime-status] [23868] Disabled runtime features: undefined {"metadata":{"emulator":{"name":"functions"},"function":{"name":"us-central1-api"},"message":"[runtime-status] [23868] Disabled runtime features: undefined"}}
[debug] [2021-10-20T03:43:39.647Z] [runtime-status] [23868] Resolved module firebase-admin {"declared":true,"installed":true,"version":"9.12.0","resolution":"D:\\Sports\\functions\\node_modules\\firebase-admin\\lib\\index.js"} {"metadata":{"emulator":{"name":"functions"},"function":{"name":"us-central1-api"},"message":"[runtime-status] [23868] Resolved module firebase-admin {\"declared\":true,\"installed\":true,\"version\":\"9.12.0\",\"resolution\":\"D:\\\\Sports\\\\functions\\\\node_modules\\\\firebase-admin\\\\lib\\\\index.js\"}"}}
[debug] [2021-10-20T03:43:39.658Z] [runtime-status] [23868] Resolved module firebase-functions {"declared":true,"installed":true,"version":"3.15.7","resolution":"D:\\Sports\\functions\\node_modules\\firebase-functions\\lib\\index.js"} {"metadata":{"emulator":{"name":"functions"},"function":{"name":"us-central1-api"},"message":"[runtime-status] [23868] Resolved module firebase-functions {\"declared\":true,\"installed\":true,\"version\":\"3.15.7\",\"resolution\":\"D:\\\\Sports\\\\functions\\\\node_modules\\\\firebase-functions\\\\lib\\\\index.js\"}"}}
[debug] [2021-10-20T03:43:39.659Z] [runtime-status] [23868] Outgoing network have been stubbed. [{"name":"http","status":"mocked"},{"name":"http","status":"mocked"},{"name":"https","status":"mocked"},{"name":"https","status":"mocked"},{"name":"net","status":"mocked"}] {"metadata":{"emulator":{"name":"functions"},"function":{"name":"us-central1-api"},"message":"[runtime-status] [23868] Outgoing network have been stubbed. [{\"name\":\"http\",\"status\":\"mocked\"},{\"name\":\"http\",\"status\":\"mocked\"},{\"name\":\"https\",\"status\":\"mocked\"},{\"name\":\"https\",\"status\":\"mocked\"},{\"name\":\"net\",\"status\":\"mocked\"}]"}}
[debug] [2021-10-20T03:43:39.661Z] [runtime-status] [23868] Resolved module firebase-functions {"declared":true,"installed":true,"version":"3.15.7","resolution":"D:\\Sports\\functions\\node_modules\\firebase-functions\\lib\\index.js"} {"metadata":{"emulator":{"name":"functions"},"function":{"name":"us-central1-api"},"message":"[runtime-status] [23868] Resolved module firebase-functions {\"declared\":true,\"installed\":true,\"version\":\"3.15.7\",\"resolution\":\"D:\\\\Sports\\\\functions\\\\node_modules\\\\firebase-functions\\\\lib\\\\index.js\"}"}}
[debug] [2021-10-20T03:43:40.133Z] [runtime-status] [23868] Checked functions.config() {"config":{}} {"metadata":{"emulator":{"name":"functions"},"function":{"name":"us-central1-api"},"message":"[runtime-status] [23868] Checked functions.config() {\"config\":{}}"}}
[debug] [2021-10-20T03:43:40.134Z] [runtime-status] [23868] firebase-functions has been stubbed. {"functionsResolution":{"declared":true,"installed":true,"version":"3.15.7","resolution":"D:\\Sports\\functions\\node_modules\\firebase-functions\\lib\\index.js"}} {"metadata":{"emulator":{"name":"functions"},"function":{"name":"us-central1-api"},"message":"[runtime-status] [23868] firebase-functions has been stubbed. {\"functionsResolution\":{\"declared\":true,\"installed\":true,\"version\":\"3.15.7\",\"resolution\":\"D:\\\\Sports\\\\functions\\\\node_modules\\\\firebase-functions\\\\lib\\\\index.js\"}}"}}
[debug] [2021-10-20T03:43:40.135Z] [runtime-status] [23868] Resolved module firebase-functions {"declared":true,"installed":true,"version":"3.15.7","resolution":"D:\\Sports\\functions\\node_modules\\firebase-functions\\lib\\index.js"} {"metadata":{"emulator":{"name":"functions"},"function":{"name":"us-central1-api"},"message":"[runtime-status] [23868] Resolved module firebase-functions {\"declared\":true,\"installed\":true,\"version\":\"3.15.7\",\"resolution\":\"D:\\\\Sports\\\\functions\\\\node_modules\\\\firebase-functions\\\\lib\\\\index.js\"}"}}
[debug] [2021-10-20T03:43:40.139Z] [runtime-status] [23868] Resolved module firebase-admin {"declared":true,"installed":true,"version":"9.12.0","resolution":"D:\\Sports\\functions\\node_modules\\firebase-admin\\lib\\index.js"} {"metadata":{"emulator":{"name":"functions"},"function":{"name":"us-central1-api"},"message":"[runtime-status] [23868] Resolved module firebase-admin {\"declared\":true,\"installed\":true,\"version\":\"9.12.0\",\"resolution\":\"D:\\\\Sports\\\\functions\\\\node_modules\\\\firebase-admin\\\\lib\\\\index.js\"}"}}
[debug] [2021-10-20T03:43:40.142Z] [runtime-status] [23868] Resolved module firebase-functions {"declared":true,"installed":true,"version":"3.15.7","resolution":"D:\\Sports\\functions\\node_modules\\firebase-functions\\lib\\index.js"} {"metadata":{"emulator":{"name":"functions"},"function":{"name":"us-central1-api"},"message":"[runtime-status] [23868] Resolved module firebase-functions {\"declared\":true,\"installed\":true,\"version\":\"3.15.7\",\"resolution\":\"D:\\\\Sports\\\\functions\\\\node_modules\\\\firebase-functions\\\\lib\\\\index.js\"}"}}
[debug] [2021-10-20T03:43:40.143Z] [runtime-status] [23868] firebase-admin has been stubbed. {"adminResolution":{"declared":true,"installed":true,"version":"9.12.0","resolution":"D:\\Sports\\functions\\node_modules\\firebase-admin\\lib\\index.js"}} {"metadata":{"emulator":{"name":"functions"},"function":{"name":"us-central1-api"},"message":"[runtime-status] [23868] firebase-admin has been stubbed. {\"adminResolution\":{\"declared\":true,\"installed\":true,\"version\":\"9.12.0\",\"resolution\":\"D:\\\\Sports\\\\functions\\\\node_modules\\\\firebase-admin\\\\lib\\\\index.js\"}}"}}
[debug] [2021-10-20T03:43:41.485Z] [runtime-status] [23868] Trigger "us-central1-api" has been found, beginning invocation! {"metadata":{"emulator":{"name":"functions"},"function":{"name":"us-central1-api"},"message":"[runtime-status] [23868] Trigger \"us-central1-api\" has been found, beginning invocation!"}}
[info] i  functions: Beginning execution of "us-central1-api" {"metadata":{"emulator":{"name":"functions"},"function":{"name":"us-central1-api"},"message":"Beginning execution of \"us-central1-api\""}}
[debug] [2021-10-20T03:43:41.487Z] [runtime-status] [23868] triggerDefinition {"httpsTrigger":{},"name":"api","entryPoint":"api","regions":["us-central1"],"region":"us-central1","id":"us-central1-api"} {"metadata":{"emulator":{"name":"functions"},"function":{"name":"us-central1-api"},"message":"[runtime-status] [23868] triggerDefinition {\"httpsTrigger\":{},\"name\":\"api\",\"entryPoint\":\"api\",\"regions\":[\"us-central1\"],\"region\":\"us-central1\",\"id\":\"us-central1-api\"}"}}
[debug] [2021-10-20T03:43:41.488Z] [runtime-status] [23868] Running us-central1-api in signature http {"metadata":{"emulator":{"name":"functions"},"function":{"name":"us-central1-api"},"message":"[runtime-status] [23868] Running us-central1-api in signature http"}}
[debug] [2021-10-20T03:43:41.491Z] [runtime-status] [23868] Attempting to listen to socketPath: \\?\pipe\D:\Sports\functions\23868 {"metadata":{"emulator":{"name":"functions"},"function":{"name":"us-central1-api"},"message":"[runtime-status] [23868] Attempting to listen to socketPath: \\\\?\\pipe\\D:\\Sports\\functions\\23868"}}
[debug] [2021-10-20T03:43:41.495Z] [functions] Runtime ready! Sending request! {"metadata":{"emulator":{"name":"functions"},"message":"[functions] Runtime ready! Sending request!"}}
[debug] [2021-10-20T03:43:41.497Z] [functions] Got req.url=/clone-1a104/us-central1/api/payments/create?total=800000, mapping to path=/payments/create?total=800000 {"metadata":{"emulator":{"name":"functions"},"message":"[functions] Got req.url=/clone-1a104/us-central1/api/payments/create?total=800000, mapping to path=/payments/create?total=800000"}}
[debug] [2021-10-20T03:43:41.508Z] [runtime-status] [23868] Ephemeral server handling POST request {"metadata":{"emulator":{"name":"functions"},"function":{"name":"us-central1-api"},"message":"[runtime-status] [23868] Ephemeral server handling POST request"}}
[info] >  Payment request recieved! 800000 {"user":"Payment request recieved! 800000","metadata":{"emulator":{"name":"functions"},"function":{"name":"us-central1-api"},"message":"\u001b[90m> \u001b[39m Payment request recieved! 800000"}}
[debug] [2021-10-20T03:43:41.530Z] [runtime-status] [23868] Ephemeral server survived. {"metadata":{"emulator":{"name":"functions"},"function":{"name":"us-central1-api"},"message":"[runtime-status] [23868] Ephemeral server survived."}}
[info] i  functions: Finished "us-central1-api" in ~1s {"metadata":{"emulator":{"name":"functions"},"function":{"name":"us-central1-api"},"message":"Finished \"us-central1-api\" in ~1s"}}
[debug] [2021-10-20T03:43:42.200Z] [worker-us-central1-api-4c0ed939-1d46-4fd9-952a-efd994a4a0e7]: IDLE {"metadata":{"emulator":{"name":"functions"},"message":"[worker-us-central1-api-4c0ed939-1d46-4fd9-952a-efd994a4a0e7]: IDLE"}}
[debug] [2021-10-20T03:43:42.200Z] [work-queue] {"queueLength":0,"workRunningCount":0}
[debug] [2021-10-20T03:43:59.021Z] [work-queue] {"queueLength":1,"workRunningCount":0}
[debug] [2021-10-20T03:43:59.021Z] [work-queue] {"queueLength":0,"workRunningCount":1}
[debug] [2021-10-20T03:43:59.022Z] Accepted request POST /clone-1a104/us-central1/api/payments/create?total=0 --> us-central1-api
[debug] [2021-10-20T03:43:59.022Z] [worker-pool] submitWork(triggerId=us-central1-api) {"metadata":{"emulator":{"name":"functions"},"message":"[worker-pool] submitWork(triggerId=us-central1-api)"}}
[debug] [2021-10-20T03:43:59.023Z] [worker-us-central1-api-4c0ed939-1d46-4fd9-952a-efd994a4a0e7]: Assigning socketPath: \\?\pipe\D:\Sports\functions\23868 {"metadata":{"emulator":{"name":"functions"},"message":"[worker-us-central1-api-4c0ed939-1d46-4fd9-952a-efd994a4a0e7]: Assigning socketPath: \\\\?\\pipe\\D:\\Sports\\functions\\23868"}}
[debug] [2021-10-20T03:43:59.023Z] [worker-us-central1-api-4c0ed939-1d46-4fd9-952a-efd994a4a0e7]: BUSY {"metadata":{"emulator":{"name":"functions"},"message":"[worker-us-central1-api-4c0ed939-1d46-4fd9-952a-efd994a4a0e7]: BUSY"}}
[debug] [2021-10-20T03:43:59.024Z] [runtime-status] [23868] Trigger "us-central1-api" has been found, beginning invocation! {"metadata":{"emulator":{"name":"functions"},"function":{"name":"us-central1-api"},"message":"[runtime-status] [23868] Trigger \"us-central1-api\" has been found, beginning invocation!"}}
[info] i  functions: Beginning execution of "us-central1-api" {"metadata":{"emulator":{"name":"functions"},"function":{"name":"us-central1-api"},"message":"Beginning execution of \"us-central1-api\""}}
[debug] [2021-10-20T03:43:59.027Z] [runtime-status] [23868] triggerDefinition {"httpsTrigger":{},"name":"api","entryPoint":"api","regions":["us-central1"],"region":"us-central1","id":"us-central1-api"} {"metadata":{"emulator":{"name":"functions"},"function":{"name":"us-central1-api"},"message":"[runtime-status] [23868] triggerDefinition {\"httpsTrigger\":{},\"name\":\"api\",\"entryPoint\":\"api\",\"regions\":[\"us-central1\"],\"region\":\"us-central1\",\"id\":\"us-central1-api\"}"}}
[debug] [2021-10-20T03:43:59.028Z] [runtime-status] [23868] Running us-central1-api in signature http {"metadata":{"emulator":{"name":"functions"},"function":{"name":"us-central1-api"},"message":"[runtime-status] [23868] Running us-central1-api in signature http"}}
[debug] [2021-10-20T03:43:59.028Z] [runtime-status] [23868] Attempting to listen to socketPath: \\?\pipe\D:\Sports\functions\23868 {"metadata":{"emulator":{"name":"functions"},"function":{"name":"us-central1-api"},"message":"[runtime-status] [23868] Attempting to listen to socketPath: \\\\?\\pipe\\D:\\Sports\\functions\\23868"}}
[debug] [2021-10-20T03:43:59.029Z] [functions] Runtime ready! Sending request! {"metadata":{"emulator":{"name":"functions"},"message":"[functions] Runtime ready! Sending request!"}}
[debug] [2021-10-20T03:43:59.030Z] [functions] Got req.url=/clone-1a104/us-central1/api/payments/create?total=0, mapping to path=/payments/create?total=0 {"metadata":{"emulator":{"name":"functions"},"message":"[functions] Got req.url=/clone-1a104/us-central1/api/payments/create?total=0, mapping to path=/payments/create?total=0"}}
[debug] [2021-10-20T03:43:59.033Z] [runtime-status] [23868] Ephemeral server handling POST request {"metadata":{"emulator":{"name":"functions"},"function":{"name":"us-central1-api"},"message":"[runtime-status] [23868] Ephemeral server handling POST request"}}
[info] >  Payment request recieved! 0 {"user":"Payment request recieved! 0","metadata":{"emulator":{"name":"functions"},"function":{"name":"us-central1-api"},"message":"\u001b[90m> \u001b[39m Payment request recieved! 0"}}
[debug] [2021-10-20T03:43:59.035Z] [runtime-status] [23868] Ephemeral server survived. {"metadata":{"emulator":{"name":"functions"},"function":{"name":"us-central1-api"},"message":"[runtime-status] [23868] Ephemeral server survived."}}
[info] >  (node:23868) UnhandledPromiseRejectionWarning: Error: This value must be greater than or equal to 1. {"user":"(node:23868) UnhandledPromiseRejectionWarning: Error: This value must be greater than or equal to 1.","metadata":{"emulator":{"name":"functions"},"function":{"name":"us-central1-api"},"message":"\u001b[90m> \u001b[39m (node:23868) UnhandledPromiseRejectionWarning: Error: This value must be greater than or equal to 1."}}
[info] >      at Function.generate (D:\Sports\functions\node_modules\stripe\lib\Error.js:40:16) {"user":"    at Function.generate (D:\\Sports\\functions\\node_modules\\stripe\\lib\\Error.js:40:16)","metadata":{"emulator":{"name":"functions"},"function":{"name":"us-central1-api"},"message":"\u001b[90m> \u001b[39m     at Function.generate (D:\\Sports\\functions\\node_modules\\stripe\\lib\\Error.js:40:16)"}}
[info] >      at res.toJSON.then.StripeAPIError.message (D:\Sports\functions\node_modules\stripe\lib\StripeResource.js:220:35) {"user":"    at res.toJSON.then.StripeAPIError.message (D:\\Sports\\functions\\node_modules\\stripe\\lib\\StripeResource.js:220:35)","metadata":{"emulator":{"name":"functions"},"function":{"name":"us-central1-api"},"message":"\u001b[90m> \u001b[39m     at res.toJSON.then.StripeAPIError.message (D:\\Sports\\functions\\node_modules\\stripe\\lib\\StripeResource.js:220:35)"}}
[info] >      at processTicksAndRejections (internal/process/task_queues.js:95:5) {"user":"    at processTicksAndRejections (internal/process/task_queues.js:95:5)","metadata":{"emulator":{"name":"functions"},"function":{"name":"us-central1-api"},"message":"\u001b[90m> \u001b[39m     at processTicksAndRejections (internal/process/task_queues.js:95:5)"}}
[info] >  (Use `node --trace-warnings ...` to show where the warning was created) {"user":"(Use `node --trace-warnings ...` to show where the warning was created)","metadata":{"emulator":{"name":"functions"},"function":{"name":"us-central1-api"},"message":"\u001b[90m> \u001b[39m (Use `node --trace-warnings ...` to show where the warning was created)"}}
[info] >  (node:23868) UnhandledPromiseRejectionWarning: Unhandled promise rejection. This error originated either by throwing inside of an async function without a catch block, or by rejecting a promise which was not handled with .catch(). To terminate the node process on unhandled promise rejection, use the CLI flag `--unhandled-rejections=strict` (see https://nodejs.org/api/cli.html#cli_unhandled_rejections_mode). (rejection id: 1) {"user":"(node:23868) UnhandledPromiseRejectionWarning: Unhandled promise rejection. This error originated either by throwing inside of an async function without a catch block, or by rejecting a promise which was not handled with .catch(). To terminate the node process on unhandled promise rejection, use the CLI flag `--unhandled-rejections=strict` (see https://nodejs.org/api/cli.html#cli_unhandled_rejections_mode). (rejection id: 1)","metadata":{"emulator":{"name":"functions"},"function":{"name":"us-central1-api"},"message":"\u001b[90m> \u001b[39m (node:23868) UnhandledPromiseRejectionWarning: Unhandled promise rejection. This error originated either by throwing inside of an async function without a catch block, or by rejecting a promise which was not handled with .catch(). To terminate the node process on unhandled promise rejection, use the CLI flag `--unhandled-rejections=strict` (see https://nodejs.org/api/cli.html#cli_unhandled_rejections_mode). (rejection id: 1)"}}
[info] >  (node:23868) [DEP0018] DeprecationWarning: Unhandled promise rejections are deprecated. In the future, promise rejections that are not handled will terminate the Node.js process with a non-zero exit code. {"user":"(node:23868) [DEP0018] DeprecationWarning: Unhandled promise rejections are deprecated. In the future, promise rejections that are not handled will terminate the Node.js process with a non-zero exit code.","metadata":{"emulator":{"name":"functions"},"function":{"name":"us-central1-api"},"message":"\u001b[90m> \u001b[39m (node:23868) [DEP0018] DeprecationWarning: Unhandled promise rejections are deprecated. In the future, promise rejections that are not handled will terminate the Node.js process with a non-zero exit code."}}
[warn] !  functions: Your function timed out after ~60s. To configure this timeout, see
      https://firebase.google.com/docs/functions/manage-functions#set_timeout_and_memory_allocation. {"metadata":{"emulator":{"name":"functions"},"function":{"name":"us-central1-api"},"message":"Your function timed out after ~60s. To configure this timeout, see\n      https://firebase.google.com/docs/functions/manage-functions#set_timeout_and_memory_allocation."}}
[info] >  C:\Users\HP\AppData\Roaming\npm\node_modules\firebase-tools\lib\emulator\functionsEmulatorRuntime.js:604 {"user":"C:\\Users\\HP\\AppData\\Roaming\\npm\\node_modules\\firebase-tools\\lib\\emulator\\functionsEmulatorRuntime.js:604\r","metadata":{"emulator":{"name":"functions"},"function":{"name":"us-central1-api"},"message":"\u001b[90m> \u001b[39m C:\\Users\\HP\\AppData\\Roaming\\npm\\node_modules\\firebase-tools\\lib\\emulator\\functionsEmulatorRuntime.js:604\r"}}
[info] >              throw new Error("Function timed out."); {"user":"            throw new Error(\"Function timed out.\");\r","metadata":{"emulator":{"name":"functions"},"function":{"name":"us-central1-api"},"message":"\u001b[90m> \u001b[39m             throw new Error(\"Function timed out.\");\r"}}
[info] >              ^ {"user":"            ^\r","metadata":{"emulator":{"name":"functions"},"function":{"name":"us-central1-api"},"message":"\u001b[90m> \u001b[39m             ^\r"}}
[info] >   {"user":"\r","metadata":{"emulator":{"name":"functions"},"function":{"name":"us-central1-api"},"message":"\u001b[90m> \u001b[39m \r"}}
[info] >  Error: Function timed out. {"user":"Error: Function timed out.\r","metadata":{"emulator":{"name":"functions"},"function":{"name":"us-central1-api"},"message":"\u001b[90m> \u001b[39m Error: Function timed out.\r"}}
[info] >      at Timeout._onTimeout (C:\Users\HP\AppData\Roaming\npm\node_modules\firebase-tools\lib\emulator\functionsEmulatorRuntime.js:604:19) {"user":"    at Timeout._onTimeout (C:\\Users\\HP\\AppData\\Roaming\\npm\\node_modules\\firebase-tools\\lib\\emulator\\functionsEmulatorRuntime.js:604:19)\r","metadata":{"emulator":{"name":"functions"},"function":{"name":"us-central1-api"},"message":"\u001b[90m> \u001b[39m     at Timeout._onTimeout (C:\\Users\\HP\\AppData\\Roaming\\npm\\node_modules\\firebase-tools\\lib\\emulator\\functionsEmulatorRuntime.js:604:19)\r"}}
[info] >      at listOnTimeout (internal/timers.js:555:17) {"user":"    at listOnTimeout (internal/timers.js:555:17)\r","metadata":{"emulator":{"name":"functions"},"function":{"name":"us-central1-api"},"message":"\u001b[90m> \u001b[39m     at listOnTimeout (internal/timers.js:555:17)\r"}}
[info] >      at processTimers (internal/timers.js:498:7) {"user":"    at processTimers (internal/timers.js:498:7)\r","metadata":{"emulator":{"name":"functions"},"function":{"name":"us-central1-api"},"message":"\u001b[90m> \u001b[39m     at processTimers (internal/timers.js:498:7)\r"}}
[debug] [2021-10-20T03:44:59.070Z] [worker-us-central1-api-4c0ed939-1d46-4fd9-952a-efd994a4a0e7]: exited {"metadata":{"emulator":{"name":"functions"},"message":"[worker-us-central1-api-4c0ed939-1d46-4fd9-952a-efd994a4a0e7]: exited"}}
[debug] [2021-10-20T03:44:59.070Z] [worker-us-central1-api-4c0ed939-1d46-4fd9-952a-efd994a4a0e7]: FINISHED {"metadata":{"emulator":{"name":"functions"},"message":"[worker-us-central1-api-4c0ed939-1d46-4fd9-952a-efd994a4a0e7]: FINISHED"}}
[debug] [2021-10-20T03:44:59.070Z] [work-queue] {"queueLength":0,"workRunningCount":0}
[debug] [2021-10-20T04:30:26.799Z] [work-queue] {"queueLength":1,"workRunningCount":0}
[debug] [2021-10-20T04:30:26.802Z] [work-queue] {"queueLength":0,"workRunningCount":1}
[debug] [2021-10-20T04:30:26.803Z] Accepted request POST /clone-1a104/us-central1/api/payments/create?total=2100000 --> us-central1-api
[debug] [2021-10-20T04:30:26.806Z] [worker-pool] Cleaned up workers for us-central1-api: 1 --> 0 {"metadata":{"emulator":{"name":"functions"},"message":"[worker-pool] Cleaned up workers for us-central1-api: 1 --> 0"}}
[debug] [2021-10-20T04:30:26.831Z] [worker-pool] addWorker(us-central1-api) {"metadata":{"emulator":{"name":"functions"},"message":"[worker-pool] addWorker(us-central1-api)"}}
[debug] [2021-10-20T04:30:26.831Z] [worker-pool] Adding worker with key us-central1-api, total=1 {"metadata":{"emulator":{"name":"functions"},"message":"[worker-pool] Adding worker with key us-central1-api, total=1"}}
[debug] [2021-10-20T04:30:26.831Z] [worker-pool] submitWork(triggerId=us-central1-api) {"metadata":{"emulator":{"name":"functions"},"message":"[worker-pool] submitWork(triggerId=us-central1-api)"}}
[debug] [2021-10-20T04:30:26.832Z] [worker-us-central1-api-3f08cb5f-b7cc-4a4d-8738-782a79a525db]: Assigning socketPath: \\?\pipe\D:\Sports\functions\5844 {"metadata":{"emulator":{"name":"functions"},"message":"[worker-us-central1-api-3f08cb5f-b7cc-4a4d-8738-782a79a525db]: Assigning socketPath: \\\\?\\pipe\\D:\\Sports\\functions\\5844"}}
[debug] [2021-10-20T04:30:26.832Z] [worker-us-central1-api-3f08cb5f-b7cc-4a4d-8738-782a79a525db]: BUSY {"metadata":{"emulator":{"name":"functions"},"message":"[worker-us-central1-api-3f08cb5f-b7cc-4a4d-8738-782a79a525db]: BUSY"}}
[debug] [2021-10-20T04:30:27.374Z] [runtime-status] [5844] Functions runtime initialized. {"cwd":"D:\\Sports\\functions","node_version":"14.17.0"} {"metadata":{"emulator":{"name":"functions"},"function":{"name":"us-central1-api"},"message":"[runtime-status] [5844] Functions runtime initialized. {\"cwd\":\"D:\\\\Sports\\\\functions\",\"node_version\":\"14.17.0\"}"}}
[debug] [2021-10-20T04:30:27.377Z] [runtime-status] [5844] Disabled runtime features: undefined {"metadata":{"emulator":{"name":"functions"},"function":{"name":"us-central1-api"},"message":"[runtime-status] [5844] Disabled runtime features: undefined"}}
[debug] [2021-10-20T04:30:27.750Z] [runtime-status] [5844] Resolved module firebase-admin {"declared":true,"installed":true,"version":"9.12.0","resolution":"D:\\Sports\\functions\\node_modules\\firebase-admin\\lib\\index.js"} {"metadata":{"emulator":{"name":"functions"},"function":{"name":"us-central1-api"},"message":"[runtime-status] [5844] Resolved module firebase-admin {\"declared\":true,\"installed\":true,\"version\":\"9.12.0\",\"resolution\":\"D:\\\\Sports\\\\functions\\\\node_modules\\\\firebase-admin\\\\lib\\\\index.js\"}"}}
[debug] [2021-10-20T04:30:27.794Z] [runtime-status] [5844] Resolved module firebase-functions {"declared":true,"installed":true,"version":"3.15.7","resolution":"D:\\Sports\\functions\\node_modules\\firebase-functions\\lib\\index.js"} {"metadata":{"emulator":{"name":"functions"},"function":{"name":"us-central1-api"},"message":"[runtime-status] [5844] Resolved module firebase-functions {\"declared\":true,\"installed\":true,\"version\":\"3.15.7\",\"resolution\":\"D:\\\\Sports\\\\functions\\\\node_modules\\\\firebase-functions\\\\lib\\\\index.js\"}"}}
[debug] [2021-10-20T04:30:27.797Z] [runtime-status] [5844] Outgoing network have been stubbed. [{"name":"http","status":"mocked"},{"name":"http","status":"mocked"},{"name":"https","status":"mocked"},{"name":"https","status":"mocked"},{"name":"net","status":"mocked"}] {"metadata":{"emulator":{"name":"functions"},"function":{"name":"us-central1-api"},"message":"[runtime-status] [5844] Outgoing network have been stubbed. [{\"name\":\"http\",\"status\":\"mocked\"},{\"name\":\"http\",\"status\":\"mocked\"},{\"name\":\"https\",\"status\":\"mocked\"},{\"name\":\"https\",\"status\":\"mocked\"},{\"name\":\"net\",\"status\":\"mocked\"}]"}}
[debug] [2021-10-20T04:30:27.800Z] [runtime-status] [5844] Resolved module firebase-functions {"declared":true,"installed":true,"version":"3.15.7","resolution":"D:\\Sports\\functions\\node_modules\\firebase-functions\\lib\\index.js"} {"metadata":{"emulator":{"name":"functions"},"function":{"name":"us-central1-api"},"message":"[runtime-status] [5844] Resolved module firebase-functions {\"declared\":true,\"installed\":true,\"version\":\"3.15.7\",\"resolution\":\"D:\\\\Sports\\\\functions\\\\node_modules\\\\firebase-functions\\\\lib\\\\index.js\"}"}}
[debug] [2021-10-20T04:30:28.350Z] [runtime-status] [5844] Checked functions.config() {"config":{}} {"metadata":{"emulator":{"name":"functions"},"function":{"name":"us-central1-api"},"message":"[runtime-status] [5844] Checked functions.config() {\"config\":{}}"}}
[debug] [2021-10-20T04:30:28.351Z] [runtime-status] [5844] firebase-functions has been stubbed. {"functionsResolution":{"declared":true,"installed":true,"version":"3.15.7","resolution":"D:\\Sports\\functions\\node_modules\\firebase-functions\\lib\\index.js"}} {"metadata":{"emulator":{"name":"functions"},"function":{"name":"us-central1-api"},"message":"[runtime-status] [5844] firebase-functions has been stubbed. {\"functionsResolution\":{\"declared\":true,\"installed\":true,\"version\":\"3.15.7\",\"resolution\":\"D:\\\\Sports\\\\functions\\\\node_modules\\\\firebase-functions\\\\lib\\\\index.js\"}}"}}
[debug] [2021-10-20T04:30:28.352Z] [runtime-status] [5844] Resolved module firebase-functions {"declared":true,"installed":true,"version":"3.15.7","resolution":"D:\\Sports\\functions\\node_modules\\firebase-functions\\lib\\index.js"} {"metadata":{"emulator":{"name":"functions"},"function":{"name":"us-central1-api"},"message":"[runtime-status] [5844] Resolved module firebase-functions {\"declared\":true,\"installed\":true,\"version\":\"3.15.7\",\"resolution\":\"D:\\\\Sports\\\\functions\\\\node_modules\\\\firebase-functions\\\\lib\\\\index.js\"}"}}
[debug] [2021-10-20T04:30:28.355Z] [runtime-status] [5844] Resolved module firebase-admin {"declared":true,"installed":true,"version":"9.12.0","resolution":"D:\\Sports\\functions\\node_modules\\firebase-admin\\lib\\index.js"} {"metadata":{"emulator":{"name":"functions"},"function":{"name":"us-central1-api"},"message":"[runtime-status] [5844] Resolved module firebase-admin {\"declared\":true,\"installed\":true,\"version\":\"9.12.0\",\"resolution\":\"D:\\\\Sports\\\\functions\\\\node_modules\\\\firebase-admin\\\\lib\\\\index.js\"}"}}
[debug] [2021-10-20T04:30:28.359Z] [runtime-status] [5844] Resolved module firebase-functions {"declared":true,"installed":true,"version":"3.15.7","resolution":"D:\\Sports\\functions\\node_modules\\firebase-functions\\lib\\index.js"} {"metadata":{"emulator":{"name":"functions"},"function":{"name":"us-central1-api"},"message":"[runtime-status] [5844] Resolved module firebase-functions {\"declared\":true,\"installed\":true,\"version\":\"3.15.7\",\"resolution\":\"D:\\\\Sports\\\\functions\\\\node_modules\\\\firebase-functions\\\\lib\\\\index.js\"}"}}
[debug] [2021-10-20T04:30:28.360Z] [runtime-status] [5844] firebase-admin has been stubbed. {"adminResolution":{"declared":true,"installed":true,"version":"9.12.0","resolution":"D:\\Sports\\functions\\node_modules\\firebase-admin\\lib\\index.js"}} {"metadata":{"emulator":{"name":"functions"},"function":{"name":"us-central1-api"},"message":"[runtime-status] [5844] firebase-admin has been stubbed. {\"adminResolution\":{\"declared\":true,\"installed\":true,\"version\":\"9.12.0\",\"resolution\":\"D:\\\\Sports\\\\functions\\\\node_modules\\\\firebase-admin\\\\lib\\\\index.js\"}}"}}
[debug] [2021-10-20T04:30:30.041Z] [runtime-status] [5844] Trigger "us-central1-api" has been found, beginning invocation! {"metadata":{"emulator":{"name":"functions"},"function":{"name":"us-central1-api"},"message":"[runtime-status] [5844] Trigger \"us-central1-api\" has been found, beginning invocation!"}}
[info] i  functions: Beginning execution of "us-central1-api" {"metadata":{"emulator":{"name":"functions"},"function":{"name":"us-central1-api"},"message":"Beginning execution of \"us-central1-api\""}}
[debug] [2021-10-20T04:30:30.047Z] [runtime-status] [5844] triggerDefinition {"httpsTrigger":{},"name":"api","entryPoint":"api","regions":["us-central1"],"region":"us-central1","id":"us-central1-api"} {"metadata":{"emulator":{"name":"functions"},"function":{"name":"us-central1-api"},"message":"[runtime-status] [5844] triggerDefinition {\"httpsTrigger\":{},\"name\":\"api\",\"entryPoint\":\"api\",\"regions\":[\"us-central1\"],\"region\":\"us-central1\",\"id\":\"us-central1-api\"}"}}
[debug] [2021-10-20T04:30:30.049Z] [runtime-status] [5844] Running us-central1-api in signature http {"metadata":{"emulator":{"name":"functions"},"function":{"name":"us-central1-api"},"message":"[runtime-status] [5844] Running us-central1-api in signature http"}}
[debug] [2021-10-20T04:30:30.049Z] [runtime-status] [5844] Attempting to listen to socketPath: \\?\pipe\D:\Sports\functions\5844 {"metadata":{"emulator":{"name":"functions"},"function":{"name":"us-central1-api"},"message":"[runtime-status] [5844] Attempting to listen to socketPath: \\\\?\\pipe\\D:\\Sports\\functions\\5844"}}
[debug] [2021-10-20T04:30:30.064Z] [functions] Runtime ready! Sending request! {"metadata":{"emulator":{"name":"functions"},"message":"[functions] Runtime ready! Sending request!"}}
[debug] [2021-10-20T04:30:30.065Z] [functions] Got req.url=/clone-1a104/us-central1/api/payments/create?total=2100000, mapping to path=/payments/create?total=2100000 {"metadata":{"emulator":{"name":"functions"},"message":"[functions] Got req.url=/clone-1a104/us-central1/api/payments/create?total=2100000, mapping to path=/payments/create?total=2100000"}}
[debug] [2021-10-20T04:30:30.079Z] [runtime-status] [5844] Ephemeral server handling POST request {"metadata":{"emulator":{"name":"functions"},"function":{"name":"us-central1-api"},"message":"[runtime-status] [5844] Ephemeral server handling POST request"}}
[info] >  Payment request recieved! 2100000 {"user":"Payment request recieved! 2100000","metadata":{"emulator":{"name":"functions"},"function":{"name":"us-central1-api"},"message":"\u001b[90m> \u001b[39m Payment request recieved! 2100000"}}
[debug] [2021-10-20T04:30:30.112Z] [runtime-status] [5844] Ephemeral server survived. {"metadata":{"emulator":{"name":"functions"},"function":{"name":"us-central1-api"},"message":"[runtime-status] [5844] Ephemeral server survived."}}
[info] i  functions: Finished "us-central1-api" in ~1s {"metadata":{"emulator":{"name":"functions"},"function":{"name":"us-central1-api"},"message":"Finished \"us-central1-api\" in ~1s"}}
[debug] [2021-10-20T04:30:30.778Z] [worker-us-central1-api-3f08cb5f-b7cc-4a4d-8738-782a79a525db]: IDLE {"metadata":{"emulator":{"name":"functions"},"message":"[worker-us-central1-api-3f08cb5f-b7cc-4a4d-8738-782a79a525db]: IDLE"}}
[debug] [2021-10-20T04:30:30.778Z] [work-queue] {"queueLength":0,"workRunningCount":0}
[debug] [2021-10-20T04:30:52.302Z] [work-queue] {"queueLength":1,"workRunningCount":0}
[debug] [2021-10-20T04:30:52.303Z] [work-queue] {"queueLength":0,"workRunningCount":1}
[debug] [2021-10-20T04:30:52.303Z] Accepted request POST /clone-1a104/us-central1/api/payments/create?total=0 --> us-central1-api
[debug] [2021-10-20T04:30:52.303Z] [worker-pool] submitWork(triggerId=us-central1-api) {"metadata":{"emulator":{"name":"functions"},"message":"[worker-pool] submitWork(triggerId=us-central1-api)"}}
[debug] [2021-10-20T04:30:52.304Z] [worker-us-central1-api-3f08cb5f-b7cc-4a4d-8738-782a79a525db]: Assigning socketPath: \\?\pipe\D:\Sports\functions\5844 {"metadata":{"emulator":{"name":"functions"},"message":"[worker-us-central1-api-3f08cb5f-b7cc-4a4d-8738-782a79a525db]: Assigning socketPath: \\\\?\\pipe\\D:\\Sports\\functions\\5844"}}
[debug] [2021-10-20T04:30:52.304Z] [worker-us-central1-api-3f08cb5f-b7cc-4a4d-8738-782a79a525db]: BUSY {"metadata":{"emulator":{"name":"functions"},"message":"[worker-us-central1-api-3f08cb5f-b7cc-4a4d-8738-782a79a525db]: BUSY"}}
[debug] [2021-10-20T04:30:52.305Z] [runtime-status] [5844] Trigger "us-central1-api" has been found, beginning invocation! {"metadata":{"emulator":{"name":"functions"},"function":{"name":"us-central1-api"},"message":"[runtime-status] [5844] Trigger \"us-central1-api\" has been found, beginning invocation!"}}
[info] i  functions: Beginning execution of "us-central1-api" {"metadata":{"emulator":{"name":"functions"},"function":{"name":"us-central1-api"},"message":"Beginning execution of \"us-central1-api\""}}
[debug] [2021-10-20T04:30:52.306Z] [runtime-status] [5844] triggerDefinition {"httpsTrigger":{},"name":"api","entryPoint":"api","regions":["us-central1"],"region":"us-central1","id":"us-central1-api"} {"metadata":{"emulator":{"name":"functions"},"function":{"name":"us-central1-api"},"message":"[runtime-status] [5844] triggerDefinition {\"httpsTrigger\":{},\"name\":\"api\",\"entryPoint\":\"api\",\"regions\":[\"us-central1\"],\"region\":\"us-central1\",\"id\":\"us-central1-api\"}"}}
[debug] [2021-10-20T04:30:52.307Z] [runtime-status] [5844] Running us-central1-api in signature http {"metadata":{"emulator":{"name":"functions"},"function":{"name":"us-central1-api"},"message":"[runtime-status] [5844] Running us-central1-api in signature http"}}
[debug] [2021-10-20T04:30:52.308Z] [runtime-status] [5844] Attempting to listen to socketPath: \\?\pipe\D:\Sports\functions\5844 {"metadata":{"emulator":{"name":"functions"},"function":{"name":"us-central1-api"},"message":"[runtime-status] [5844] Attempting to listen to socketPath: \\\\?\\pipe\\D:\\Sports\\functions\\5844"}}
[debug] [2021-10-20T04:30:52.310Z] [functions] Runtime ready! Sending request! {"metadata":{"emulator":{"name":"functions"},"message":"[functions] Runtime ready! Sending request!"}}
[debug] [2021-10-20T04:30:52.311Z] [functions] Got req.url=/clone-1a104/us-central1/api/payments/create?total=0, mapping to path=/payments/create?total=0 {"metadata":{"emulator":{"name":"functions"},"message":"[functions] Got req.url=/clone-1a104/us-central1/api/payments/create?total=0, mapping to path=/payments/create?total=0"}}
[debug] [2021-10-20T04:30:52.315Z] [runtime-status] [5844] Ephemeral server handling POST request {"metadata":{"emulator":{"name":"functions"},"function":{"name":"us-central1-api"},"message":"[runtime-status] [5844] Ephemeral server handling POST request"}}
[info] >  Payment request recieved! 0 {"user":"Payment request recieved! 0","metadata":{"emulator":{"name":"functions"},"function":{"name":"us-central1-api"},"message":"\u001b[90m> \u001b[39m Payment request recieved! 0"}}
[debug] [2021-10-20T04:30:52.319Z] [runtime-status] [5844] Ephemeral server survived. {"metadata":{"emulator":{"name":"functions"},"function":{"name":"us-central1-api"},"message":"[runtime-status] [5844] Ephemeral server survived."}}
[info] >  (node:5844) UnhandledPromiseRejectionWarning: Error: This value must be greater than or equal to 1. {"user":"(node:5844) UnhandledPromiseRejectionWarning: Error: This value must be greater than or equal to 1.","metadata":{"emulator":{"name":"functions"},"function":{"name":"us-central1-api"},"message":"\u001b[90m> \u001b[39m (node:5844) UnhandledPromiseRejectionWarning: Error: This value must be greater than or equal to 1."}}
[info] >      at Function.generate (D:\Sports\functions\node_modules\stripe\lib\Error.js:40:16) {"user":"    at Function.generate (D:\\Sports\\functions\\node_modules\\stripe\\lib\\Error.js:40:16)","metadata":{"emulator":{"name":"functions"},"function":{"name":"us-central1-api"},"message":"\u001b[90m> \u001b[39m     at Function.generate (D:\\Sports\\functions\\node_modules\\stripe\\lib\\Error.js:40:16)"}}
[info] >      at res.toJSON.then.StripeAPIError.message (D:\Sports\functions\node_modules\stripe\lib\StripeResource.js:220:35) {"user":"    at res.toJSON.then.StripeAPIError.message (D:\\Sports\\functions\\node_modules\\stripe\\lib\\StripeResource.js:220:35)","metadata":{"emulator":{"name":"functions"},"function":{"name":"us-central1-api"},"message":"\u001b[90m> \u001b[39m     at res.toJSON.then.StripeAPIError.message (D:\\Sports\\functions\\node_modules\\stripe\\lib\\StripeResource.js:220:35)"}}
[info] >      at processTicksAndRejections (internal/process/task_queues.js:95:5) {"user":"    at processTicksAndRejections (internal/process/task_queues.js:95:5)","metadata":{"emulator":{"name":"functions"},"function":{"name":"us-central1-api"},"message":"\u001b[90m> \u001b[39m     at processTicksAndRejections (internal/process/task_queues.js:95:5)"}}
[info] >  (Use `node --trace-warnings ...` to show where the warning was created) {"user":"(Use `node --trace-warnings ...` to show where the warning was created)","metadata":{"emulator":{"name":"functions"},"function":{"name":"us-central1-api"},"message":"\u001b[90m> \u001b[39m (Use `node --trace-warnings ...` to show where the warning was created)"}}
[info] >  (node:5844) UnhandledPromiseRejectionWarning: Unhandled promise rejection. This error originated either by throwing inside of an async function without a catch block, or by rejecting a promise which was not handled with .catch(). To terminate the node process on unhandled promise rejection, use the CLI flag `--unhandled-rejections=strict` (see https://nodejs.org/api/cli.html#cli_unhandled_rejections_mode). (rejection id: 1) {"user":"(node:5844) UnhandledPromiseRejectionWarning: Unhandled promise rejection. This error originated either by throwing inside of an async function without a catch block, or by rejecting a promise which was not handled with .catch(). To terminate the node process on unhandled promise rejection, use the CLI flag `--unhandled-rejections=strict` (see https://nodejs.org/api/cli.html#cli_unhandled_rejections_mode). (rejection id: 1)","metadata":{"emulator":{"name":"functions"},"function":{"name":"us-central1-api"},"message":"\u001b[90m> \u001b[39m (node:5844) UnhandledPromiseRejectionWarning: Unhandled promise rejection. This error originated either by throwing inside of an async function without a catch block, or by rejecting a promise which was not handled with .catch(). To terminate the node process on unhandled promise rejection, use the CLI flag `--unhandled-rejections=strict` (see https://nodejs.org/api/cli.html#cli_unhandled_rejections_mode). (rejection id: 1)"}}
[info] >  (node:5844) [DEP0018] DeprecationWarning: Unhandled promise rejections are deprecated. In the future, promise rejections that are not handled will terminate the Node.js process with a non-zero exit code. {"user":"(node:5844) [DEP0018] DeprecationWarning: Unhandled promise rejections are deprecated. In the future, promise rejections that are not handled will terminate the Node.js process with a non-zero exit code.","metadata":{"emulator":{"name":"functions"},"function":{"name":"us-central1-api"},"message":"\u001b[90m> \u001b[39m (node:5844) [DEP0018] DeprecationWarning: Unhandled promise rejections are deprecated. In the future, promise rejections that are not handled will terminate the Node.js process with a non-zero exit code."}}
[warn] !  functions: Your function timed out after ~60s. To configure this timeout, see
      https://firebase.google.com/docs/functions/manage-functions#set_timeout_and_memory_allocation. {"metadata":{"emulator":{"name":"functions"},"function":{"name":"us-central1-api"},"message":"Your function timed out after ~60s. To configure this timeout, see\n      https://firebase.google.com/docs/functions/manage-functions#set_timeout_and_memory_allocation."}}
[info] >  C:\Users\HP\AppData\Roaming\npm\node_modules\firebase-tools\lib\emulator\functionsEmulatorRuntime.js:604 {"user":"C:\\Users\\HP\\AppData\\Roaming\\npm\\node_modules\\firebase-tools\\lib\\emulator\\functionsEmulatorRuntime.js:604\r","metadata":{"emulator":{"name":"functions"},"function":{"name":"us-central1-api"},"message":"\u001b[90m> \u001b[39m C:\\Users\\HP\\AppData\\Roaming\\npm\\node_modules\\firebase-tools\\lib\\emulator\\functionsEmulatorRuntime.js:604\r"}}
[info] >              throw new Error("Function timed out."); {"user":"            throw new Error(\"Function timed out.\");\r","metadata":{"emulator":{"name":"functions"},"function":{"name":"us-central1-api"},"message":"\u001b[90m> \u001b[39m             throw new Error(\"Function timed out.\");\r"}}
[info] >              ^ {"user":"            ^\r","metadata":{"emulator":{"name":"functions"},"function":{"name":"us-central1-api"},"message":"\u001b[90m> \u001b[39m             ^\r"}}
[info] >   {"user":"\r","metadata":{"emulator":{"name":"functions"},"function":{"name":"us-central1-api"},"message":"\u001b[90m> \u001b[39m \r"}}
[info] >  Error: Function timed out. {"user":"Error: Function timed out.\r","metadata":{"emulator":{"name":"functions"},"function":{"name":"us-central1-api"},"message":"\u001b[90m> \u001b[39m Error: Function timed out.\r"}}
[info] >      at Timeout._onTimeout (C:\Users\HP\AppData\Roaming\npm\node_modules\firebase-tools\lib\emulator\functionsEmulatorRuntime.js:604:19) {"user":"    at Timeout._onTimeout (C:\\Users\\HP\\AppData\\Roaming\\npm\\node_modules\\firebase-tools\\lib\\emulator\\functionsEmulatorRuntime.js:604:19)\r","metadata":{"emulator":{"name":"functions"},"function":{"name":"us-central1-api"},"message":"\u001b[90m> \u001b[39m     at Timeout._onTimeout (C:\\Users\\HP\\AppData\\Roaming\\npm\\node_modules\\firebase-tools\\lib\\emulator\\functionsEmulatorRuntime.js:604:19)\r"}}
[info] >      at listOnTimeout (internal/timers.js:555:17) {"user":"    at listOnTimeout (internal/timers.js:555:17)\r","metadata":{"emulator":{"name":"functions"},"function":{"name":"us-central1-api"},"message":"\u001b[90m> \u001b[39m     at listOnTimeout (internal/timers.js:555:17)\r"}}
[info] >      at processTimers (internal/timers.js:498:7) {"user":"    at processTimers (internal/timers.js:498:7)\r","metadata":{"emulator":{"name":"functions"},"function":{"name":"us-central1-api"},"message":"\u001b[90m> \u001b[39m     at processTimers (internal/timers.js:498:7)\r"}}
[debug] [2021-10-20T04:31:52.355Z] [worker-us-central1-api-3f08cb5f-b7cc-4a4d-8738-782a79a525db]: exited {"metadata":{"emulator":{"name":"functions"},"message":"[worker-us-central1-api-3f08cb5f-b7cc-4a4d-8738-782a79a525db]: exited"}}
[debug] [2021-10-20T04:31:52.355Z] [worker-us-central1-api-3f08cb5f-b7cc-4a4d-8738-782a79a525db]: FINISHED {"metadata":{"emulator":{"name":"functions"},"message":"[worker-us-central1-api-3f08cb5f-b7cc-4a4d-8738-782a79a525db]: FINISHED"}}
[debug] [2021-10-20T04:31:52.355Z] [work-queue] {"queueLength":0,"workRunningCount":0}
[debug] [2021-10-20T05:06:25.076Z] [work-queue] {"queueLength":1,"workRunningCount":0}
[debug] [2021-10-20T05:06:25.099Z] [work-queue] {"queueLength":0,"workRunningCount":1}
[debug] [2021-10-20T05:06:25.100Z] Accepted request POST /clone-1a104/us-central1/api/payments/create?total=1630000 --> us-central1-api
[debug] [2021-10-20T05:06:25.109Z] [worker-pool] Cleaned up workers for us-central1-api: 1 --> 0 {"metadata":{"emulator":{"name":"functions"},"message":"[worker-pool] Cleaned up workers for us-central1-api: 1 --> 0"}}
[debug] [2021-10-20T05:06:25.174Z] [worker-pool] addWorker(us-central1-api) {"metadata":{"emulator":{"name":"functions"},"message":"[worker-pool] addWorker(us-central1-api)"}}
[debug] [2021-10-20T05:06:25.175Z] [worker-pool] Adding worker with key us-central1-api, total=1 {"metadata":{"emulator":{"name":"functions"},"message":"[worker-pool] Adding worker with key us-central1-api, total=1"}}
[debug] [2021-10-20T05:06:25.175Z] [worker-pool] submitWork(triggerId=us-central1-api) {"metadata":{"emulator":{"name":"functions"},"message":"[worker-pool] submitWork(triggerId=us-central1-api)"}}
[debug] [2021-10-20T05:06:25.176Z] [worker-us-central1-api-2f562ce7-6a76-40c2-ae86-550126be9608]: Assigning socketPath: \\?\pipe\D:\Sports\functions\13096 {"metadata":{"emulator":{"name":"functions"},"message":"[worker-us-central1-api-2f562ce7-6a76-40c2-ae86-550126be9608]: Assigning socketPath: \\\\?\\pipe\\D:\\Sports\\functions\\13096"}}
[debug] [2021-10-20T05:06:25.176Z] [worker-us-central1-api-2f562ce7-6a76-40c2-ae86-550126be9608]: BUSY {"metadata":{"emulator":{"name":"functions"},"message":"[worker-us-central1-api-2f562ce7-6a76-40c2-ae86-550126be9608]: BUSY"}}
[debug] [2021-10-20T05:06:27.423Z] [runtime-status] [13096] Functions runtime initialized. {"cwd":"D:\\Sports\\functions","node_version":"14.17.0"} {"metadata":{"emulator":{"name":"functions"},"function":{"name":"us-central1-api"},"message":"[runtime-status] [13096] Functions runtime initialized. {\"cwd\":\"D:\\\\Sports\\\\functions\",\"node_version\":\"14.17.0\"}"}}
[debug] [2021-10-20T05:06:27.424Z] [runtime-status] [13096] Disabled runtime features: undefined {"metadata":{"emulator":{"name":"functions"},"function":{"name":"us-central1-api"},"message":"[runtime-status] [13096] Disabled runtime features: undefined"}}
[debug] [2021-10-20T05:06:27.431Z] [runtime-status] [13096] Resolved module firebase-admin {"declared":true,"installed":true,"version":"9.12.0","resolution":"D:\\Sports\\functions\\node_modules\\firebase-admin\\lib\\index.js"} {"metadata":{"emulator":{"name":"functions"},"function":{"name":"us-central1-api"},"message":"[runtime-status] [13096] Resolved module firebase-admin {\"declared\":true,\"installed\":true,\"version\":\"9.12.0\",\"resolution\":\"D:\\\\Sports\\\\functions\\\\node_modules\\\\firebase-admin\\\\lib\\\\index.js\"}"}}
[debug] [2021-10-20T05:06:27.439Z] [runtime-status] [13096] Resolved module firebase-functions {"declared":true,"installed":true,"version":"3.15.7","resolution":"D:\\Sports\\functions\\node_modules\\firebase-functions\\lib\\index.js"} {"metadata":{"emulator":{"name":"functions"},"function":{"name":"us-central1-api"},"message":"[runtime-status] [13096] Resolved module firebase-functions {\"declared\":true,\"installed\":true,\"version\":\"3.15.7\",\"resolution\":\"D:\\\\Sports\\\\functions\\\\node_modules\\\\firebase-functions\\\\lib\\\\index.js\"}"}}
[debug] [2021-10-20T05:06:27.442Z] [runtime-status] [13096] Outgoing network have been stubbed. [{"name":"http","status":"mocked"},{"name":"http","status":"mocked"},{"name":"https","status":"mocked"},{"name":"https","status":"mocked"},{"name":"net","status":"mocked"}] {"metadata":{"emulator":{"name":"functions"},"function":{"name":"us-central1-api"},"message":"[runtime-status] [13096] Outgoing network have been stubbed. [{\"name\":\"http\",\"status\":\"mocked\"},{\"name\":\"http\",\"status\":\"mocked\"},{\"name\":\"https\",\"status\":\"mocked\"},{\"name\":\"https\",\"status\":\"mocked\"},{\"name\":\"net\",\"status\":\"mocked\"}]"}}
[debug] [2021-10-20T05:06:27.444Z] [runtime-status] [13096] Resolved module firebase-functions {"declared":true,"installed":true,"version":"3.15.7","resolution":"D:\\Sports\\functions\\node_modules\\firebase-functions\\lib\\index.js"} {"metadata":{"emulator":{"name":"functions"},"function":{"name":"us-central1-api"},"message":"[runtime-status] [13096] Resolved module firebase-functions {\"declared\":true,\"installed\":true,\"version\":\"3.15.7\",\"resolution\":\"D:\\\\Sports\\\\functions\\\\node_modules\\\\firebase-functions\\\\lib\\\\index.js\"}"}}
[debug] [2021-10-20T05:06:27.830Z] [runtime-status] [13096] Checked functions.config() {"config":{}} {"metadata":{"emulator":{"name":"functions"},"function":{"name":"us-central1-api"},"message":"[runtime-status] [13096] Checked functions.config() {\"config\":{}}"}}
[debug] [2021-10-20T05:06:27.830Z] [runtime-status] [13096] firebase-functions has been stubbed. {"functionsResolution":{"declared":true,"installed":true,"version":"3.15.7","resolution":"D:\\Sports\\functions\\node_modules\\firebase-functions\\lib\\index.js"}} {"metadata":{"emulator":{"name":"functions"},"function":{"name":"us-central1-api"},"message":"[runtime-status] [13096] firebase-functions has been stubbed. {\"functionsResolution\":{\"declared\":true,\"installed\":true,\"version\":\"3.15.7\",\"resolution\":\"D:\\\\Sports\\\\functions\\\\node_modules\\\\firebase-functions\\\\lib\\\\index.js\"}}"}}
[debug] [2021-10-20T05:06:27.832Z] [runtime-status] [13096] Resolved module firebase-functions {"declared":true,"installed":true,"version":"3.15.7","resolution":"D:\\Sports\\functions\\node_modules\\firebase-functions\\lib\\index.js"} {"metadata":{"emulator":{"name":"functions"},"function":{"name":"us-central1-api"},"message":"[runtime-status] [13096] Resolved module firebase-functions {\"declared\":true,\"installed\":true,\"version\":\"3.15.7\",\"resolution\":\"D:\\\\Sports\\\\functions\\\\node_modules\\\\firebase-functions\\\\lib\\\\index.js\"}"}}
[debug] [2021-10-20T05:06:27.834Z] [runtime-status] [13096] Resolved module firebase-admin {"declared":true,"installed":true,"version":"9.12.0","resolution":"D:\\Sports\\functions\\node_modules\\firebase-admin\\lib\\index.js"} {"metadata":{"emulator":{"name":"functions"},"function":{"name":"us-central1-api"},"message":"[runtime-status] [13096] Resolved module firebase-admin {\"declared\":true,\"installed\":true,\"version\":\"9.12.0\",\"resolution\":\"D:\\\\Sports\\\\functions\\\\node_modules\\\\firebase-admin\\\\lib\\\\index.js\"}"}}
[debug] [2021-10-20T05:06:27.837Z] [runtime-status] [13096] Resolved module firebase-functions {"declared":true,"installed":true,"version":"3.15.7","resolution":"D:\\Sports\\functions\\node_modules\\firebase-functions\\lib\\index.js"} {"metadata":{"emulator":{"name":"functions"},"function":{"name":"us-central1-api"},"message":"[runtime-status] [13096] Resolved module firebase-functions {\"declared\":true,\"installed\":true,\"version\":\"3.15.7\",\"resolution\":\"D:\\\\Sports\\\\functions\\\\node_modules\\\\firebase-functions\\\\lib\\\\index.js\"}"}}
[debug] [2021-10-20T05:06:27.837Z] [runtime-status] [13096] firebase-admin has been stubbed. {"adminResolution":{"declared":true,"installed":true,"version":"9.12.0","resolution":"D:\\Sports\\functions\\node_modules\\firebase-admin\\lib\\index.js"}} {"metadata":{"emulator":{"name":"functions"},"function":{"name":"us-central1-api"},"message":"[runtime-status] [13096] firebase-admin has been stubbed. {\"adminResolution\":{\"declared\":true,\"installed\":true,\"version\":\"9.12.0\",\"resolution\":\"D:\\\\Sports\\\\functions\\\\node_modules\\\\firebase-admin\\\\lib\\\\index.js\"}}"}}
[debug] [2021-10-20T05:06:28.178Z] [runtime-status] [13096] Trigger "us-central1-api" has been found, beginning invocation! {"metadata":{"emulator":{"name":"functions"},"function":{"name":"us-central1-api"},"message":"[runtime-status] [13096] Trigger \"us-central1-api\" has been found, beginning invocation!"}}
[info] i  functions: Beginning execution of "us-central1-api" {"metadata":{"emulator":{"name":"functions"},"function":{"name":"us-central1-api"},"message":"Beginning execution of \"us-central1-api\""}}
[debug] [2021-10-20T05:06:28.188Z] [runtime-status] [13096] triggerDefinition {"httpsTrigger":{},"name":"api","entryPoint":"api","regions":["us-central1"],"region":"us-central1","id":"us-central1-api"} {"metadata":{"emulator":{"name":"functions"},"function":{"name":"us-central1-api"},"message":"[runtime-status] [13096] triggerDefinition {\"httpsTrigger\":{},\"name\":\"api\",\"entryPoint\":\"api\",\"regions\":[\"us-central1\"],\"region\":\"us-central1\",\"id\":\"us-central1-api\"}"}}
[debug] [2021-10-20T05:06:28.189Z] [runtime-status] [13096] Running us-central1-api in signature http {"metadata":{"emulator":{"name":"functions"},"function":{"name":"us-central1-api"},"message":"[runtime-status] [13096] Running us-central1-api in signature http"}}
[debug] [2021-10-20T05:06:28.189Z] [runtime-status] [13096] Attempting to listen to socketPath: \\?\pipe\D:\Sports\functions\13096 {"metadata":{"emulator":{"name":"functions"},"function":{"name":"us-central1-api"},"message":"[runtime-status] [13096] Attempting to listen to socketPath: \\\\?\\pipe\\D:\\Sports\\functions\\13096"}}
[debug] [2021-10-20T05:06:28.198Z] [functions] Runtime ready! Sending request! {"metadata":{"emulator":{"name":"functions"},"message":"[functions] Runtime ready! Sending request!"}}
[debug] [2021-10-20T05:06:28.199Z] [functions] Got req.url=/clone-1a104/us-central1/api/payments/create?total=1630000, mapping to path=/payments/create?total=1630000 {"metadata":{"emulator":{"name":"functions"},"message":"[functions] Got req.url=/clone-1a104/us-central1/api/payments/create?total=1630000, mapping to path=/payments/create?total=1630000"}}
[debug] [2021-10-20T05:06:28.217Z] [runtime-status] [13096] Ephemeral server handling POST request {"metadata":{"emulator":{"name":"functions"},"function":{"name":"us-central1-api"},"message":"[runtime-status] [13096] Ephemeral server handling POST request"}}
[info] >  Payment request recieved! 1630000 {"user":"Payment request recieved! 1630000","metadata":{"emulator":{"name":"functions"},"function":{"name":"us-central1-api"},"message":"\u001b[90m> \u001b[39m Payment request recieved! 1630000"}}
[debug] [2021-10-20T05:06:28.250Z] [runtime-status] [13096] Ephemeral server survived. {"metadata":{"emulator":{"name":"functions"},"function":{"name":"us-central1-api"},"message":"[runtime-status] [13096] Ephemeral server survived."}}
[info] i  functions: Finished "us-central1-api" in ~1s {"metadata":{"emulator":{"name":"functions"},"function":{"name":"us-central1-api"},"message":"Finished \"us-central1-api\" in ~1s"}}
[debug] [2021-10-20T05:06:28.931Z] [worker-us-central1-api-2f562ce7-6a76-40c2-ae86-550126be9608]: IDLE {"metadata":{"emulator":{"name":"functions"},"message":"[worker-us-central1-api-2f562ce7-6a76-40c2-ae86-550126be9608]: IDLE"}}
[debug] [2021-10-20T05:06:28.931Z] [work-queue] {"queueLength":0,"workRunningCount":0}
[debug] [2021-10-20T05:06:41.177Z] [work-queue] {"queueLength":1,"workRunningCount":0}
[debug] [2021-10-20T05:06:41.180Z] [work-queue] {"queueLength":0,"workRunningCount":1}
[debug] [2021-10-20T05:06:41.180Z] Accepted request POST /clone-1a104/us-central1/api/payments/create?total=630000 --> us-central1-api
[debug] [2021-10-20T05:06:41.181Z] [worker-pool] submitWork(triggerId=us-central1-api) {"metadata":{"emulator":{"name":"functions"},"message":"[worker-pool] submitWork(triggerId=us-central1-api)"}}
[debug] [2021-10-20T05:06:41.181Z] [worker-us-central1-api-2f562ce7-6a76-40c2-ae86-550126be9608]: Assigning socketPath: \\?\pipe\D:\Sports\functions\13096 {"metadata":{"emulator":{"name":"functions"},"message":"[worker-us-central1-api-2f562ce7-6a76-40c2-ae86-550126be9608]: Assigning socketPath: \\\\?\\pipe\\D:\\Sports\\functions\\13096"}}
[debug] [2021-10-20T05:06:41.181Z] [worker-us-central1-api-2f562ce7-6a76-40c2-ae86-550126be9608]: BUSY {"metadata":{"emulator":{"name":"functions"},"message":"[worker-us-central1-api-2f562ce7-6a76-40c2-ae86-550126be9608]: BUSY"}}
[debug] [2021-10-20T05:06:41.183Z] [runtime-status] [13096] Trigger "us-central1-api" has been found, beginning invocation! {"metadata":{"emulator":{"name":"functions"},"function":{"name":"us-central1-api"},"message":"[runtime-status] [13096] Trigger \"us-central1-api\" has been found, beginning invocation!"}}
[info] i  functions: Beginning execution of "us-central1-api" {"metadata":{"emulator":{"name":"functions"},"function":{"name":"us-central1-api"},"message":"Beginning execution of \"us-central1-api\""}}
[debug] [2021-10-20T05:06:41.185Z] [runtime-status] [13096] triggerDefinition {"httpsTrigger":{},"name":"api","entryPoint":"api","regions":["us-central1"],"region":"us-central1","id":"us-central1-api"} {"metadata":{"emulator":{"name":"functions"},"function":{"name":"us-central1-api"},"message":"[runtime-status] [13096] triggerDefinition {\"httpsTrigger\":{},\"name\":\"api\",\"entryPoint\":\"api\",\"regions\":[\"us-central1\"],\"region\":\"us-central1\",\"id\":\"us-central1-api\"}"}}
[debug] [2021-10-20T05:06:41.186Z] [runtime-status] [13096] Running us-central1-api in signature http {"metadata":{"emulator":{"name":"functions"},"function":{"name":"us-central1-api"},"message":"[runtime-status] [13096] Running us-central1-api in signature http"}}
[debug] [2021-10-20T05:06:41.187Z] [runtime-status] [13096] Attempting to listen to socketPath: \\?\pipe\D:\Sports\functions\13096 {"metadata":{"emulator":{"name":"functions"},"function":{"name":"us-central1-api"},"message":"[runtime-status] [13096] Attempting to listen to socketPath: \\\\?\\pipe\\D:\\Sports\\functions\\13096"}}
[debug] [2021-10-20T05:06:41.189Z] [functions] Runtime ready! Sending request! {"metadata":{"emulator":{"name":"functions"},"message":"[functions] Runtime ready! Sending request!"}}
[debug] [2021-10-20T05:06:41.189Z] [functions] Got req.url=/clone-1a104/us-central1/api/payments/create?total=630000, mapping to path=/payments/create?total=630000 {"metadata":{"emulator":{"name":"functions"},"message":"[functions] Got req.url=/clone-1a104/us-central1/api/payments/create?total=630000, mapping to path=/payments/create?total=630000"}}
[debug] [2021-10-20T05:06:41.202Z] [runtime-status] [13096] Ephemeral server handling POST request {"metadata":{"emulator":{"name":"functions"},"function":{"name":"us-central1-api"},"message":"[runtime-status] [13096] Ephemeral server handling POST request"}}
[info] >  Payment request recieved! 630000 {"user":"Payment request recieved! 630000","metadata":{"emulator":{"name":"functions"},"function":{"name":"us-central1-api"},"message":"\u001b[90m> \u001b[39m Payment request recieved! 630000"}}
[debug] [2021-10-20T05:06:41.207Z] [runtime-status] [13096] Ephemeral server survived. {"metadata":{"emulator":{"name":"functions"},"function":{"name":"us-central1-api"},"message":"[runtime-status] [13096] Ephemeral server survived."}}
[info] i  functions: Finished "us-central1-api" in ~1s {"metadata":{"emulator":{"name":"functions"},"function":{"name":"us-central1-api"},"message":"Finished \"us-central1-api\" in ~1s"}}
[debug] [2021-10-20T05:06:41.495Z] [worker-us-central1-api-2f562ce7-6a76-40c2-ae86-550126be9608]: IDLE {"metadata":{"emulator":{"name":"functions"},"message":"[worker-us-central1-api-2f562ce7-6a76-40c2-ae86-550126be9608]: IDLE"}}
[debug] [2021-10-20T05:06:41.496Z] [work-queue] {"queueLength":0,"workRunningCount":0}
[debug] [2021-10-20T05:07:05.118Z] [work-queue] {"queueLength":1,"workRunningCount":0}
[debug] [2021-10-20T05:07:05.118Z] [work-queue] {"queueLength":0,"workRunningCount":1}
[debug] [2021-10-20T05:07:05.119Z] Accepted request POST /clone-1a104/us-central1/api/payments/create?total=0 --> us-central1-api
[debug] [2021-10-20T05:07:05.119Z] [worker-pool] submitWork(triggerId=us-central1-api) {"metadata":{"emulator":{"name":"functions"},"message":"[worker-pool] submitWork(triggerId=us-central1-api)"}}
[debug] [2021-10-20T05:07:05.120Z] [worker-us-central1-api-2f562ce7-6a76-40c2-ae86-550126be9608]: Assigning socketPath: \\?\pipe\D:\Sports\functions\13096 {"metadata":{"emulator":{"name":"functions"},"message":"[worker-us-central1-api-2f562ce7-6a76-40c2-ae86-550126be9608]: Assigning socketPath: \\\\?\\pipe\\D:\\Sports\\functions\\13096"}}
[debug] [2021-10-20T05:07:05.120Z] [worker-us-central1-api-2f562ce7-6a76-40c2-ae86-550126be9608]: BUSY {"metadata":{"emulator":{"name":"functions"},"message":"[worker-us-central1-api-2f562ce7-6a76-40c2-ae86-550126be9608]: BUSY"}}
[debug] [2021-10-20T05:07:05.121Z] [runtime-status] [13096] Trigger "us-central1-api" has been found, beginning invocation! {"metadata":{"emulator":{"name":"functions"},"function":{"name":"us-central1-api"},"message":"[runtime-status] [13096] Trigger \"us-central1-api\" has been found, beginning invocation!"}}
[info] i  functions: Beginning execution of "us-central1-api" {"metadata":{"emulator":{"name":"functions"},"function":{"name":"us-central1-api"},"message":"Beginning execution of \"us-central1-api\""}}
[debug] [2021-10-20T05:07:05.123Z] [runtime-status] [13096] triggerDefinition {"httpsTrigger":{},"name":"api","entryPoint":"api","regions":["us-central1"],"region":"us-central1","id":"us-central1-api"} {"metadata":{"emulator":{"name":"functions"},"function":{"name":"us-central1-api"},"message":"[runtime-status] [13096] triggerDefinition {\"httpsTrigger\":{},\"name\":\"api\",\"entryPoint\":\"api\",\"regions\":[\"us-central1\"],\"region\":\"us-central1\",\"id\":\"us-central1-api\"}"}}
[debug] [2021-10-20T05:07:05.123Z] [runtime-status] [13096] Running us-central1-api in signature http {"metadata":{"emulator":{"name":"functions"},"function":{"name":"us-central1-api"},"message":"[runtime-status] [13096] Running us-central1-api in signature http"}}
[debug] [2021-10-20T05:07:05.123Z] [runtime-status] [13096] Attempting to listen to socketPath: \\?\pipe\D:\Sports\functions\13096 {"metadata":{"emulator":{"name":"functions"},"function":{"name":"us-central1-api"},"message":"[runtime-status] [13096] Attempting to listen to socketPath: \\\\?\\pipe\\D:\\Sports\\functions\\13096"}}
[debug] [2021-10-20T05:07:05.125Z] [functions] Runtime ready! Sending request! {"metadata":{"emulator":{"name":"functions"},"message":"[functions] Runtime ready! Sending request!"}}
[debug] [2021-10-20T05:07:05.125Z] [functions] Got req.url=/clone-1a104/us-central1/api/payments/create?total=0, mapping to path=/payments/create?total=0 {"metadata":{"emulator":{"name":"functions"},"message":"[functions] Got req.url=/clone-1a104/us-central1/api/payments/create?total=0, mapping to path=/payments/create?total=0"}}
[debug] [2021-10-20T05:07:05.131Z] [runtime-status] [13096] Ephemeral server handling POST request {"metadata":{"emulator":{"name":"functions"},"function":{"name":"us-central1-api"},"message":"[runtime-status] [13096] Ephemeral server handling POST request"}}
[info] >  Payment request recieved! 0 {"user":"Payment request recieved! 0","metadata":{"emulator":{"name":"functions"},"function":{"name":"us-central1-api"},"message":"\u001b[90m> \u001b[39m Payment request recieved! 0"}}
[debug] [2021-10-20T05:07:05.132Z] [runtime-status] [13096] Ephemeral server survived. {"metadata":{"emulator":{"name":"functions"},"function":{"name":"us-central1-api"},"message":"[runtime-status] [13096] Ephemeral server survived."}}
[info] >  (node:13096) UnhandledPromiseRejectionWarning: Error: This value must be greater than or equal to 1. {"user":"(node:13096) UnhandledPromiseRejectionWarning: Error: This value must be greater than or equal to 1.","metadata":{"emulator":{"name":"functions"},"function":{"name":"us-central1-api"},"message":"\u001b[90m> \u001b[39m (node:13096) UnhandledPromiseRejectionWarning: Error: This value must be greater than or equal to 1."}}
[info] >      at Function.generate (D:\Sports\functions\node_modules\stripe\lib\Error.js:40:16) {"user":"    at Function.generate (D:\\Sports\\functions\\node_modules\\stripe\\lib\\Error.js:40:16)","metadata":{"emulator":{"name":"functions"},"function":{"name":"us-central1-api"},"message":"\u001b[90m> \u001b[39m     at Function.generate (D:\\Sports\\functions\\node_modules\\stripe\\lib\\Error.js:40:16)"}}
[info] >      at res.toJSON.then.StripeAPIError.message (D:\Sports\functions\node_modules\stripe\lib\StripeResource.js:220:35) {"user":"    at res.toJSON.then.StripeAPIError.message (D:\\Sports\\functions\\node_modules\\stripe\\lib\\StripeResource.js:220:35)","metadata":{"emulator":{"name":"functions"},"function":{"name":"us-central1-api"},"message":"\u001b[90m> \u001b[39m     at res.toJSON.then.StripeAPIError.message (D:\\Sports\\functions\\node_modules\\stripe\\lib\\StripeResource.js:220:35)"}}
[info] >      at processTicksAndRejections (internal/process/task_queues.js:95:5) {"user":"    at processTicksAndRejections (internal/process/task_queues.js:95:5)","metadata":{"emulator":{"name":"functions"},"function":{"name":"us-central1-api"},"message":"\u001b[90m> \u001b[39m     at processTicksAndRejections (internal/process/task_queues.js:95:5)"}}
[info] >  (Use `node --trace-warnings ...` to show where the warning was created) {"user":"(Use `node --trace-warnings ...` to show where the warning was created)","metadata":{"emulator":{"name":"functions"},"function":{"name":"us-central1-api"},"message":"\u001b[90m> \u001b[39m (Use `node --trace-warnings ...` to show where the warning was created)"}}
[info] >  (node:13096) UnhandledPromiseRejectionWarning: Unhandled promise rejection. This error originated either by throwing inside of an async function without a catch block, or by rejecting a promise which was not handled with .catch(). To terminate the node process on unhandled promise rejection, use the CLI flag `--unhandled-rejections=strict` (see https://nodejs.org/api/cli.html#cli_unhandled_rejections_mode). (rejection id: 1) {"user":"(node:13096) UnhandledPromiseRejectionWarning: Unhandled promise rejection. This error originated either by throwing inside of an async function without a catch block, or by rejecting a promise which was not handled with .catch(). To terminate the node process on unhandled promise rejection, use the CLI flag `--unhandled-rejections=strict` (see https://nodejs.org/api/cli.html#cli_unhandled_rejections_mode). (rejection id: 1)","metadata":{"emulator":{"name":"functions"},"function":{"name":"us-central1-api"},"message":"\u001b[90m> \u001b[39m (node:13096) UnhandledPromiseRejectionWarning: Unhandled promise rejection. This error originated either by throwing inside of an async function without a catch block, or by rejecting a promise which was not handled with .catch(). To terminate the node process on unhandled promise rejection, use the CLI flag `--unhandled-rejections=strict` (see https://nodejs.org/api/cli.html#cli_unhandled_rejections_mode). (rejection id: 1)"}}
[info] >  (node:13096) [DEP0018] DeprecationWarning: Unhandled promise rejections are deprecated. In the future, promise rejections that are not handled will terminate the Node.js process with a non-zero exit code. {"user":"(node:13096) [DEP0018] DeprecationWarning: Unhandled promise rejections are deprecated. In the future, promise rejections that are not handled will terminate the Node.js process with a non-zero exit code.","metadata":{"emulator":{"name":"functions"},"function":{"name":"us-central1-api"},"message":"\u001b[90m> \u001b[39m (node:13096) [DEP0018] DeprecationWarning: Unhandled promise rejections are deprecated. In the future, promise rejections that are not handled will terminate the Node.js process with a non-zero exit code."}}
[warn] !  functions: Your function timed out after ~60s. To configure this timeout, see
      https://firebase.google.com/docs/functions/manage-functions#set_timeout_and_memory_allocation. {"metadata":{"emulator":{"name":"functions"},"function":{"name":"us-central1-api"},"message":"Your function timed out after ~60s. To configure this timeout, see\n      https://firebase.google.com/docs/functions/manage-functions#set_timeout_and_memory_allocation."}}
[info] >  C:\Users\HP\AppData\Roaming\npm\node_modules\firebase-tools\lib\emulator\functionsEmulatorRuntime.js:604 {"user":"C:\\Users\\HP\\AppData\\Roaming\\npm\\node_modules\\firebase-tools\\lib\\emulator\\functionsEmulatorRuntime.js:604\r","metadata":{"emulator":{"name":"functions"},"function":{"name":"us-central1-api"},"message":"\u001b[90m> \u001b[39m C:\\Users\\HP\\AppData\\Roaming\\npm\\node_modules\\firebase-tools\\lib\\emulator\\functionsEmulatorRuntime.js:604\r"}}
[info] >              throw new Error("Function timed out."); {"user":"            throw new Error(\"Function timed out.\");\r","metadata":{"emulator":{"name":"functions"},"function":{"name":"us-central1-api"},"message":"\u001b[90m> \u001b[39m             throw new Error(\"Function timed out.\");\r"}}
[info] >              ^ {"user":"            ^\r","metadata":{"emulator":{"name":"functions"},"function":{"name":"us-central1-api"},"message":"\u001b[90m> \u001b[39m             ^\r"}}
[info] >   {"user":"\r","metadata":{"emulator":{"name":"functions"},"function":{"name":"us-central1-api"},"message":"\u001b[90m> \u001b[39m \r"}}
[info] >  Error: Function timed out. {"user":"Error: Function timed out.\r","metadata":{"emulator":{"name":"functions"},"function":{"name":"us-central1-api"},"message":"\u001b[90m> \u001b[39m Error: Function timed out.\r"}}
[info] >      at Timeout._onTimeout (C:\Users\HP\AppData\Roaming\npm\node_modules\firebase-tools\lib\emulator\functionsEmulatorRuntime.js:604:19) {"user":"    at Timeout._onTimeout (C:\\Users\\HP\\AppData\\Roaming\\npm\\node_modules\\firebase-tools\\lib\\emulator\\functionsEmulatorRuntime.js:604:19)\r","metadata":{"emulator":{"name":"functions"},"function":{"name":"us-central1-api"},"message":"\u001b[90m> \u001b[39m     at Timeout._onTimeout (C:\\Users\\HP\\AppData\\Roaming\\npm\\node_modules\\firebase-tools\\lib\\emulator\\functionsEmulatorRuntime.js:604:19)\r"}}
[info] >      at listOnTimeout (internal/timers.js:555:17) {"user":"    at listOnTimeout (internal/timers.js:555:17)\r","metadata":{"emulator":{"name":"functions"},"function":{"name":"us-central1-api"},"message":"\u001b[90m> \u001b[39m     at listOnTimeout (internal/timers.js:555:17)\r"}}
[info] >      at processTimers (internal/timers.js:498:7) {"user":"    at processTimers (internal/timers.js:498:7)\r","metadata":{"emulator":{"name":"functions"},"function":{"name":"us-central1-api"},"message":"\u001b[90m> \u001b[39m     at processTimers (internal/timers.js:498:7)\r"}}
[debug] [2021-10-20T05:08:05.151Z] [worker-us-central1-api-2f562ce7-6a76-40c2-ae86-550126be9608]: exited {"metadata":{"emulator":{"name":"functions"},"message":"[worker-us-central1-api-2f562ce7-6a76-40c2-ae86-550126be9608]: exited"}}
[debug] [2021-10-20T05:08:05.151Z] [worker-us-central1-api-2f562ce7-6a76-40c2-ae86-550126be9608]: FINISHED {"metadata":{"emulator":{"name":"functions"},"message":"[worker-us-central1-api-2f562ce7-6a76-40c2-ae86-550126be9608]: FINISHED"}}
[debug] [2021-10-20T05:08:05.151Z] [work-queue] {"queueLength":0,"workRunningCount":0}
[debug] [2021-10-20T05:20:26.112Z] [work-queue] {"queueLength":1,"workRunningCount":0}
[debug] [2021-10-20T05:20:26.113Z] [work-queue] {"queueLength":0,"workRunningCount":1}
[debug] [2021-10-20T05:20:26.114Z] Accepted request POST /clone-1a104/us-central1/api/payments/create?total=600000 --> us-central1-api
[debug] [2021-10-20T05:20:26.115Z] [worker-pool] Cleaned up workers for us-central1-api: 1 --> 0 {"metadata":{"emulator":{"name":"functions"},"message":"[worker-pool] Cleaned up workers for us-central1-api: 1 --> 0"}}
[debug] [2021-10-20T05:20:26.139Z] [worker-pool] addWorker(us-central1-api) {"metadata":{"emulator":{"name":"functions"},"message":"[worker-pool] addWorker(us-central1-api)"}}
[debug] [2021-10-20T05:20:26.139Z] [worker-pool] Adding worker with key us-central1-api, total=1 {"metadata":{"emulator":{"name":"functions"},"message":"[worker-pool] Adding worker with key us-central1-api, total=1"}}
[debug] [2021-10-20T05:20:26.140Z] [worker-pool] submitWork(triggerId=us-central1-api) {"metadata":{"emulator":{"name":"functions"},"message":"[worker-pool] submitWork(triggerId=us-central1-api)"}}
[debug] [2021-10-20T05:20:26.141Z] [worker-us-central1-api-fdbc196c-1e7a-4e9c-aebf-9ea7f55ad435]: Assigning socketPath: \\?\pipe\D:\Sports\functions\21348 {"metadata":{"emulator":{"name":"functions"},"message":"[worker-us-central1-api-fdbc196c-1e7a-4e9c-aebf-9ea7f55ad435]: Assigning socketPath: \\\\?\\pipe\\D:\\Sports\\functions\\21348"}}
[debug] [2021-10-20T05:20:26.141Z] [worker-us-central1-api-fdbc196c-1e7a-4e9c-aebf-9ea7f55ad435]: BUSY {"metadata":{"emulator":{"name":"functions"},"message":"[worker-us-central1-api-fdbc196c-1e7a-4e9c-aebf-9ea7f55ad435]: BUSY"}}
[debug] [2021-10-20T05:20:27.418Z] [runtime-status] [21348] Functions runtime initialized. {"cwd":"D:\\Sports\\functions","node_version":"14.17.0"} {"metadata":{"emulator":{"name":"functions"},"function":{"name":"us-central1-api"},"message":"[runtime-status] [21348] Functions runtime initialized. {\"cwd\":\"D:\\\\Sports\\\\functions\",\"node_version\":\"14.17.0\"}"}}
[debug] [2021-10-20T05:20:27.421Z] [runtime-status] [21348] Disabled runtime features: undefined {"metadata":{"emulator":{"name":"functions"},"function":{"name":"us-central1-api"},"message":"[runtime-status] [21348] Disabled runtime features: undefined"}}
[debug] [2021-10-20T05:20:27.429Z] [runtime-status] [21348] Resolved module firebase-admin {"declared":true,"installed":true,"version":"9.12.0","resolution":"D:\\Sports\\functions\\node_modules\\firebase-admin\\lib\\index.js"} {"metadata":{"emulator":{"name":"functions"},"function":{"name":"us-central1-api"},"message":"[runtime-status] [21348] Resolved module firebase-admin {\"declared\":true,\"installed\":true,\"version\":\"9.12.0\",\"resolution\":\"D:\\\\Sports\\\\functions\\\\node_modules\\\\firebase-admin\\\\lib\\\\index.js\"}"}}
[debug] [2021-10-20T05:20:27.436Z] [runtime-status] [21348] Resolved module firebase-functions {"declared":true,"installed":true,"version":"3.15.7","resolution":"D:\\Sports\\functions\\node_modules\\firebase-functions\\lib\\index.js"} {"metadata":{"emulator":{"name":"functions"},"function":{"name":"us-central1-api"},"message":"[runtime-status] [21348] Resolved module firebase-functions {\"declared\":true,\"installed\":true,\"version\":\"3.15.7\",\"resolution\":\"D:\\\\Sports\\\\functions\\\\node_modules\\\\firebase-functions\\\\lib\\\\index.js\"}"}}
[debug] [2021-10-20T05:20:27.439Z] [runtime-status] [21348] Outgoing network have been stubbed. [{"name":"http","status":"mocked"},{"name":"http","status":"mocked"},{"name":"https","status":"mocked"},{"name":"https","status":"mocked"},{"name":"net","status":"mocked"}] {"metadata":{"emulator":{"name":"functions"},"function":{"name":"us-central1-api"},"message":"[runtime-status] [21348] Outgoing network have been stubbed. [{\"name\":\"http\",\"status\":\"mocked\"},{\"name\":\"http\",\"status\":\"mocked\"},{\"name\":\"https\",\"status\":\"mocked\"},{\"name\":\"https\",\"status\":\"mocked\"},{\"name\":\"net\",\"status\":\"mocked\"}]"}}
[debug] [2021-10-20T05:20:27.441Z] [runtime-status] [21348] Resolved module firebase-functions {"declared":true,"installed":true,"version":"3.15.7","resolution":"D:\\Sports\\functions\\node_modules\\firebase-functions\\lib\\index.js"} {"metadata":{"emulator":{"name":"functions"},"function":{"name":"us-central1-api"},"message":"[runtime-status] [21348] Resolved module firebase-functions {\"declared\":true,\"installed\":true,\"version\":\"3.15.7\",\"resolution\":\"D:\\\\Sports\\\\functions\\\\node_modules\\\\firebase-functions\\\\lib\\\\index.js\"}"}}
[debug] [2021-10-20T05:20:27.563Z] [runtime-status] [21348] Checked functions.config() {"config":{}} {"metadata":{"emulator":{"name":"functions"},"function":{"name":"us-central1-api"},"message":"[runtime-status] [21348] Checked functions.config() {\"config\":{}}"}}
[debug] [2021-10-20T05:20:27.563Z] [runtime-status] [21348] firebase-functions has been stubbed. {"functionsResolution":{"declared":true,"installed":true,"version":"3.15.7","resolution":"D:\\Sports\\functions\\node_modules\\firebase-functions\\lib\\index.js"}} {"metadata":{"emulator":{"name":"functions"},"function":{"name":"us-central1-api"},"message":"[runtime-status] [21348] firebase-functions has been stubbed. {\"functionsResolution\":{\"declared\":true,\"installed\":true,\"version\":\"3.15.7\",\"resolution\":\"D:\\\\Sports\\\\functions\\\\node_modules\\\\firebase-functions\\\\lib\\\\index.js\"}}"}}
[debug] [2021-10-20T05:20:27.568Z] [runtime-status] [21348] Resolved module firebase-functions {"declared":true,"installed":true,"version":"3.15.7","resolution":"D:\\Sports\\functions\\node_modules\\firebase-functions\\lib\\index.js"} {"metadata":{"emulator":{"name":"functions"},"function":{"name":"us-central1-api"},"message":"[runtime-status] [21348] Resolved module firebase-functions {\"declared\":true,\"installed\":true,\"version\":\"3.15.7\",\"resolution\":\"D:\\\\Sports\\\\functions\\\\node_modules\\\\firebase-functions\\\\lib\\\\index.js\"}"}}
[debug] [2021-10-20T05:20:27.571Z] [runtime-status] [21348] Resolved module firebase-admin {"declared":true,"installed":true,"version":"9.12.0","resolution":"D:\\Sports\\functions\\node_modules\\firebase-admin\\lib\\index.js"} {"metadata":{"emulator":{"name":"functions"},"function":{"name":"us-central1-api"},"message":"[runtime-status] [21348] Resolved module firebase-admin {\"declared\":true,\"installed\":true,\"version\":\"9.12.0\",\"resolution\":\"D:\\\\Sports\\\\functions\\\\node_modules\\\\firebase-admin\\\\lib\\\\index.js\"}"}}
[debug] [2021-10-20T05:20:27.572Z] [runtime-status] [21348] Resolved module firebase-functions {"declared":true,"installed":true,"version":"3.15.7","resolution":"D:\\Sports\\functions\\node_modules\\firebase-functions\\lib\\index.js"} {"metadata":{"emulator":{"name":"functions"},"function":{"name":"us-central1-api"},"message":"[runtime-status] [21348] Resolved module firebase-functions {\"declared\":true,\"installed\":true,\"version\":\"3.15.7\",\"resolution\":\"D:\\\\Sports\\\\functions\\\\node_modules\\\\firebase-functions\\\\lib\\\\index.js\"}"}}
[debug] [2021-10-20T05:20:27.573Z] [runtime-status] [21348] firebase-admin has been stubbed. {"adminResolution":{"declared":true,"installed":true,"version":"9.12.0","resolution":"D:\\Sports\\functions\\node_modules\\firebase-admin\\lib\\index.js"}} {"metadata":{"emulator":{"name":"functions"},"function":{"name":"us-central1-api"},"message":"[runtime-status] [21348] firebase-admin has been stubbed. {\"adminResolution\":{\"declared\":true,\"installed\":true,\"version\":\"9.12.0\",\"resolution\":\"D:\\\\Sports\\\\functions\\\\node_modules\\\\firebase-admin\\\\lib\\\\index.js\"}}"}}
[debug] [2021-10-20T05:20:27.946Z] [runtime-status] [21348] Trigger "us-central1-api" has been found, beginning invocation! {"metadata":{"emulator":{"name":"functions"},"function":{"name":"us-central1-api"},"message":"[runtime-status] [21348] Trigger \"us-central1-api\" has been found, beginning invocation!"}}
[info] i  functions: Beginning execution of "us-central1-api" {"metadata":{"emulator":{"name":"functions"},"function":{"name":"us-central1-api"},"message":"Beginning execution of \"us-central1-api\""}}
[debug] [2021-10-20T05:20:27.948Z] [runtime-status] [21348] triggerDefinition {"httpsTrigger":{},"name":"api","entryPoint":"api","regions":["us-central1"],"region":"us-central1","id":"us-central1-api"} {"metadata":{"emulator":{"name":"functions"},"function":{"name":"us-central1-api"},"message":"[runtime-status] [21348] triggerDefinition {\"httpsTrigger\":{},\"name\":\"api\",\"entryPoint\":\"api\",\"regions\":[\"us-central1\"],\"region\":\"us-central1\",\"id\":\"us-central1-api\"}"}}
[debug] [2021-10-20T05:20:27.949Z] [runtime-status] [21348] Running us-central1-api in signature http {"metadata":{"emulator":{"name":"functions"},"function":{"name":"us-central1-api"},"message":"[runtime-status] [21348] Running us-central1-api in signature http"}}
[debug] [2021-10-20T05:20:27.957Z] [runtime-status] [21348] Attempting to listen to socketPath: \\?\pipe\D:\Sports\functions\21348 {"metadata":{"emulator":{"name":"functions"},"function":{"name":"us-central1-api"},"message":"[runtime-status] [21348] Attempting to listen to socketPath: \\\\?\\pipe\\D:\\Sports\\functions\\21348"}}
[debug] [2021-10-20T05:20:27.965Z] [functions] Runtime ready! Sending request! {"metadata":{"emulator":{"name":"functions"},"message":"[functions] Runtime ready! Sending request!"}}
[debug] [2021-10-20T05:20:27.965Z] [functions] Got req.url=/clone-1a104/us-central1/api/payments/create?total=600000, mapping to path=/payments/create?total=600000 {"metadata":{"emulator":{"name":"functions"},"message":"[functions] Got req.url=/clone-1a104/us-central1/api/payments/create?total=600000, mapping to path=/payments/create?total=600000"}}
[debug] [2021-10-20T05:20:27.984Z] [runtime-status] [21348] Ephemeral server handling POST request {"metadata":{"emulator":{"name":"functions"},"function":{"name":"us-central1-api"},"message":"[runtime-status] [21348] Ephemeral server handling POST request"}}
[info] >  Payment request recieved! 600000 {"user":"Payment request recieved! 600000","metadata":{"emulator":{"name":"functions"},"function":{"name":"us-central1-api"},"message":"\u001b[90m> \u001b[39m Payment request recieved! 600000"}}
[debug] [2021-10-20T05:20:28.022Z] [runtime-status] [21348] Ephemeral server survived. {"metadata":{"emulator":{"name":"functions"},"function":{"name":"us-central1-api"},"message":"[runtime-status] [21348] Ephemeral server survived."}}
[info] i  functions: Finished "us-central1-api" in ~1s {"metadata":{"emulator":{"name":"functions"},"function":{"name":"us-central1-api"},"message":"Finished \"us-central1-api\" in ~1s"}}
[debug] [2021-10-20T05:20:28.606Z] [worker-us-central1-api-fdbc196c-1e7a-4e9c-aebf-9ea7f55ad435]: IDLE {"metadata":{"emulator":{"name":"functions"},"message":"[worker-us-central1-api-fdbc196c-1e7a-4e9c-aebf-9ea7f55ad435]: IDLE"}}
[debug] [2021-10-20T05:20:28.606Z] [work-queue] {"queueLength":0,"workRunningCount":0}
[debug] [2021-10-20T05:43:58.862Z] [worker-us-central1-api-fdbc196c-1e7a-4e9c-aebf-9ea7f55ad435]: exited {"metadata":{"emulator":{"name":"functions"},"message":"[worker-us-central1-api-fdbc196c-1e7a-4e9c-aebf-9ea7f55ad435]: exited"}}
[debug] [2021-10-20T05:43:58.863Z] [worker-us-central1-api-fdbc196c-1e7a-4e9c-aebf-9ea7f55ad435]: FINISHED {"metadata":{"emulator":{"name":"functions"},"message":"[worker-us-central1-api-fdbc196c-1e7a-4e9c-aebf-9ea7f55ad435]: FINISHED"}}
[debug] [2021-10-20T05:43:58.946Z] [worker-~diagnostic~-f59743e6-c5f0-42bc-95bf-cc20b9721cd5]: exited {"metadata":{"emulator":{"name":"functions"},"message":"[worker-~diagnostic~-f59743e6-c5f0-42bc-95bf-cc20b9721cd5]: exited"}}
[debug] [2021-10-20T05:43:58.946Z] [worker-~diagnostic~-f59743e6-c5f0-42bc-95bf-cc20b9721cd5]: FINISHED {"metadata":{"emulator":{"name":"functions"},"message":"[worker-~diagnostic~-f59743e6-c5f0-42bc-95bf-cc20b9721cd5]: FINISHED"}}
[debug] [2021-10-20T05:43:59.016Z] Received signal SIGHUP 1
